<?xml version="1.0" encoding="UTF-8"?>
<!-- Generated by org.testng.reporters.JUnitXMLReporter -->
<testsuite ignored="9" hostname="DESKTOP-MK0GFHQ" failures="1" tests="1" name="Default test(failed)" time="56.885" errors="0" timestamp="2024-06-12T12:48:48 IST">
  <testcase classname="com.aina.mobile.android.test.permissions.PermissionTest" name="TC_021" time="43.69">
    <failure type="org.openqa.selenium.NoSuchElementException" message="An element could not be located on the page using the given search parameters.
For documentation on this error, please visit: https://selenium.dev/exceptions/#no_such_element
Build info: version: &amp;apos;4.8.1&amp;apos;, revision: &amp;apos;8ebccac989&amp;apos;
System info: os.name: &amp;apos;Windows 10&amp;apos;, os.arch: &amp;apos;amd64&amp;apos;, os.version: &amp;apos;10.0&amp;apos;, java.version: &amp;apos;11.0.22&amp;apos;
Driver info: io.appium.java_client.android.AndroidDriver
Command: [e83b1dca-ded6-4255-a0f3-8420ed30159e, findElement {using=id, value=android:id/button1}]
Capabilities {appium:app: C:\Users\Admin\Downloads\Ai..., appium:appPackage: com.janacare.ainab, appium:appium: http://0.0.0.0:4723/wd/hub, appium:autoGrantPermissions: true, appium:clearDeviceLogsOnStart: true, appium:databaseEnabled: false, appium:desired: {app: C:\Users\Admin\Downloads\Ai..., appium: http://0.0.0.0:4723/wd/hub, autoGrantPermissions: true, clearDeviceLogsOnStart: true, deviceName: RZCWA232H2F, newCommandTimeout: 300, platformName: android, platformVersion: 14, resetKeyboard: true, skipDeviceInitialization: true}, appium:deviceApiLevel: 34, appium:deviceManufacturer: samsung, appium:deviceModel: SM-M346B, appium:deviceName: RZCWA232H2F, appium:deviceScreenDensity: 450, appium:deviceScreenSize: 1080x2340, appium:deviceUDID: RZCWA232H2F, appium:javascriptEnabled: true, appium:locationContextEnabled: false, appium:networkConnectionEnabled: true, appium:newCommandTimeout: 300, appium:pixelRatio: 2.8125, appium:platformVersion: 14, appium:resetKeyboard: true, appium:skipDeviceInitialization: true, appium:statBarHeight: 77, appium:takesScreenshot: true, appium:viewportRect: {height: 2051, left: 0, top: 77, width: 1080}, appium:warnings: {}, appium:webStorageEnabled: false, platformName: ANDROID}
Session ID: e83b1dca-ded6-4255-a0f3-8420ed30159e">
      <![CDATA[org.openqa.selenium.NoSuchElementException: An element could not be located on the page using the given search parameters.
For documentation on this error, please visit: https://selenium.dev/exceptions/#no_such_element
Build info: version: '4.8.1', revision: '8ebccac989'
System info: os.name: 'Windows 10', os.arch: 'amd64', os.version: '10.0', java.version: '11.0.22'
Driver info: io.appium.java_client.android.AndroidDriver
Command: [e83b1dca-ded6-4255-a0f3-8420ed30159e, findElement {using=id, value=android:id/button1}]
Capabilities {appium:app: C:\Users\Admin\Downloads\Ai..., appium:appPackage: com.janacare.ainab, appium:appium: http://0.0.0.0:4723/wd/hub, appium:autoGrantPermissions: true, appium:clearDeviceLogsOnStart: true, appium:databaseEnabled: false, appium:desired: {app: C:\Users\Admin\Downloads\Ai..., appium: http://0.0.0.0:4723/wd/hub, autoGrantPermissions: true, clearDeviceLogsOnStart: true, deviceName: RZCWA232H2F, newCommandTimeout: 300, platformName: android, platformVersion: 14, resetKeyboard: true, skipDeviceInitialization: true}, appium:deviceApiLevel: 34, appium:deviceManufacturer: samsung, appium:deviceModel: SM-M346B, appium:deviceName: RZCWA232H2F, appium:deviceScreenDensity: 450, appium:deviceScreenSize: 1080x2340, appium:deviceUDID: RZCWA232H2F, appium:javascriptEnabled: true, appium:locationContextEnabled: false, appium:networkConnectionEnabled: true, appium:newCommandTimeout: 300, appium:pixelRatio: 2.8125, appium:platformVersion: 14, appium:resetKeyboard: true, appium:skipDeviceInitialization: true, appium:statBarHeight: 77, appium:takesScreenshot: true, appium:viewportRect: {height: 2051, left: 0, top: 77, width: 1080}, appium:warnings: {}, appium:webStorageEnabled: false, platformName: ANDROID}
Session ID: e83b1dca-ded6-4255-a0f3-8420ed30159e
at org.openqa.selenium.remote.codec.w3c.W3CHttpResponseCodec.createException(W3CHttpResponseCodec.java:200)
at org.openqa.selenium.remote.codec.w3c.W3CHttpResponseCodec.decode(W3CHttpResponseCodec.java:133)
at org.openqa.selenium.remote.codec.w3c.W3CHttpResponseCodec.decode(W3CHttpResponseCodec.java:53)
at org.openqa.selenium.remote.HttpCommandExecutor.execute(HttpCommandExecutor.java:184)
at io.appium.java_client.remote.AppiumCommandExecutor.execute(AppiumCommandExecutor.java:262)
at org.openqa.selenium.remote.RemoteWebDriver.execute(RemoteWebDriver.java:543)
at org.openqa.selenium.remote.ElementLocation$ElementFinder$2.findElement(ElementLocation.java:162)
at org.openqa.selenium.remote.ElementLocation.findElement(ElementLocation.java:60)
at org.openqa.selenium.remote.RemoteWebDriver.findElement(RemoteWebDriver.java:352)
at org.openqa.selenium.remote.RemoteWebDriver.findElement(RemoteWebDriver.java:344)
at org.openqa.selenium.support.pagefactory.DefaultElementLocator.findElement(DefaultElementLocator.java:70)
at org.openqa.selenium.support.pagefactory.internal.LocatingElementHandler.invoke(LocatingElementHandler.java:39)
at com.sun.proxy.$Proxy19.click(Unknown Source)
at com.aina.mobile.android.test.permissions.PermissionModule.clickBLEAllowButton(PermissionModule.java:144)
at com.aina.mobile.android.test.permissions.PermissionTest.TC_021(PermissionTest.java:122)
at java.base/java.util.ArrayList.forEach(ArrayList.java:1541)
... Removed 31 stack frames]]>
    </failure>
  </testcase> <!-- TC_021 -->
  <testcase classname="com.aina.mobile.android.test.permissions.PermissionTest" name="TC_020" time="0.0">
    <ignored/>
  </testcase> <!-- TC_020 -->
  <testcase classname="com.aina.mobile.android.test.permissions.PermissionTest" name="TC_013" time="0.0">
    <ignored/>
  </testcase> <!-- TC_013 -->
  <testcase classname="com.aina.mobile.android.test.permissions.PermissionTest" name="TC_014" time="0.0">
    <ignored/>
  </testcase> <!-- TC_014 -->
  <testcase classname="com.aina.mobile.android.test.permissions.PermissionTest" name="TC_022" time="0.0">
    <ignored/>
  </testcase> <!-- TC_022 -->
  <testcase classname="com.aina.mobile.android.test.permissions.PermissionTest" name="TC_017" time="0.0">
    <ignored/>
  </testcase> <!-- TC_017 -->
  <testcase classname="com.aina.mobile.android.test.permissions.PermissionTest" name="TC_018" time="0.0">
    <ignored/>
  </testcase> <!-- TC_018 -->
  <testcase classname="com.aina.mobile.android.test.permissions.PermissionTest" name="TC_015" time="0.0">
    <ignored/>
  </testcase> <!-- TC_015 -->
  <testcase classname="com.aina.mobile.android.test.permissions.PermissionTest" name="TC_016" time="0.0">
    <ignored/>
  </testcase> <!-- TC_016 -->
  <testcase classname="com.aina.mobile.android.test.permissions.PermissionTest" name="TC_019" time="0.0">
    <ignored/>
  </testcase> <!-- TC_019 -->
</testsuite> <!-- Default test(failed) -->
