<?xml version="1.0" encoding="UTF-8"?>
<!-- Generated by org.testng.reporters.JUnitXMLReporter -->
<testsuite ignored="12" hostname="DESKTOP-MK0GFHQ" failures="8" tests="47" name="Test" time="1986.868" errors="0" timestamp="2024-06-20T16:24:16 IST">
  <testcase classname="com.aina.mobile.android.test.gettingstartedpage.GettingStartedTest" name="TC_001" time="2.16">
    <failure type="java.lang.AssertionError" message="Text does not match! expected [Let’s get started] but found [Let’s get started!]">
      <![CDATA[java.lang.AssertionError: Text does not match! expected [Let’s get started] but found [Let’s get started!]
at com.aina.mobile.android.test.gettingstartedpage.GettingStartedModule.verifyStartingPage(GettingStartedModule.java:70)
at com.aina.mobile.android.test.gettingstartedpage.GettingStartedTest.TC_001(GettingStartedTest.java:28)
at java.base/java.util.ArrayList.forEach(ArrayList.java:1541)
... Removed 32 stack frames]]>
    </failure>
  </testcase> <!-- TC_001 -->
  <testcase classname="com.aina.mobile.android.test.gettingstartedpage.GettingStartedTest" name="TC_002" time="2.112">
    <failure type="java.lang.AssertionError" message="Text does not match! expected [Let’s get started] but found [Let’s get started!]">
      <![CDATA[java.lang.AssertionError: Text does not match! expected [Let’s get started] but found [Let’s get started!]
at com.aina.mobile.android.test.gettingstartedpage.GettingStartedModule.verifyStartingPage(GettingStartedModule.java:70)
at com.aina.mobile.android.test.gettingstartedpage.GettingStartedTest.TC_002(GettingStartedTest.java:33)
at java.base/java.util.ArrayList.forEach(ArrayList.java:1541)
... Removed 32 stack frames]]>
    </failure>
  </testcase> <!-- TC_002 -->
  <testcase classname="com.aina.mobile.android.test.gettingstartedpage.GettingStartedTest" name="TC_003" time="4.3"/>
  <testcase classname="com.aina.mobile.android.test.gettingstartedpage.GettingStartedTest" name="TC_004" time="6.009"/>
  <testcase classname="com.aina.mobile.android.test.gettingstartedpage.GettingStartedTest" name="TC_005" time="7.509"/>
  <testcase classname="com.aina.mobile.android.test.gettingstartedpage.GettingStartedTest" name="TC_006" time="12.452"/>
  <testcase classname="com.aina.mobile.android.test.gettingstartedpage.GettingStartedTest" name="TC_007" time="16.224"/>
  <testcase classname="com.aina.mobile.android.test.gettingstartedpage.GettingStartedTest" name="TC_008" time="13.456"/>
  <testcase classname="com.aina.mobile.android.test.gettingstartedpage.GettingStartedTest" name="TC_009" time="12.462"/>
  <testcase classname="com.aina.mobile.android.test.gettingstartedpage.GettingStartedTest" name="TC_010" time="6.488">
    <failure type="java.lang.AssertionError" message="Text does not match! expected [Let’s get started] but found [Let’s get started!]">
      <![CDATA[java.lang.AssertionError: Text does not match! expected [Let’s get started] but found [Let’s get started!]
at com.aina.mobile.android.test.gettingstartedpage.GettingStartedModule.verifyStartingPage(GettingStartedModule.java:70)
at com.aina.mobile.android.test.gettingstartedpage.GettingStartedTest.TC_010(GettingStartedTest.java:108)
at java.base/java.util.ArrayList.forEach(ArrayList.java:1541)
... Removed 32 stack frames]]>
    </failure>
  </testcase> <!-- TC_010 -->
  <testcase classname="com.aina.mobile.android.test.gettingstartedpage.GettingStartedTest" name="TC_011" time="7.801"/>
  <testcase classname="com.aina.mobile.android.test.gettingstartedpage.GettingStartedTest" name="TC_012" time="5.777"/>
  <testcase classname="com.aina.mobile.android.test.permissions.PermissionTest" name="TC_013" time="14.671"/>
  <testcase classname="com.aina.mobile.android.test.permissions.PermissionTest" name="TC_014" time="13.881"/>
  <testcase classname="com.aina.mobile.android.test.permissions.PermissionTest" name="TC_015" time="17.001"/>
  <testcase classname="com.aina.mobile.android.test.permissions.PermissionTest" name="TC_016" time="21.109"/>
  <testcase classname="com.aina.mobile.android.test.permissions.PermissionTest" name="TC_017" time="16.715"/>
  <testcase classname="com.aina.mobile.android.test.permissions.PermissionTest" name="TC_018" time="18.902"/>
  <testcase classname="com.aina.mobile.android.test.permissions.PermissionTest" name="TC_019" time="17.854"/>
  <testcase classname="com.aina.mobile.android.test.permissions.PermissionTest" name="TC_020" time="17.493"/>
  <testcase classname="com.aina.mobile.android.test.permissions.PermissionTest" name="TC_021" time="32.858"/>
  <testcase classname="com.aina.mobile.android.test.permissions.PermissionTest" name="TC_023" time="29.405"/>
  <testcase classname="com.aina.mobile.android.test.permissions.PermissionTest" name="TC_024" time="30.896"/>
  <testcase classname="com.aina.mobile.android.test.alerts.AlertsTest" name="TC_030" time="13.424">
    <failure type="java.lang.AssertionError" message="Text does not match! expected [No network connection. Try connecting again or try connecting to another network.] but found [Something went wrong Please try again 503]">
      <![CDATA[java.lang.AssertionError: Text does not match! expected [No network connection. Try connecting again or try connecting to another network.] but found [Something went wrong Please try again 503]
at com.aina.mobile.android.test.alerts.AlertsModule.verifyNoInternetAlertPopUpScreen(AlertsModule.java:35)
at com.aina.mobile.android.test.alerts.AlertsTest.TC_030(AlertsTest.java:30)
at java.base/java.util.ArrayList.forEach(ArrayList.java:1541)
... Removed 32 stack frames]]>
    </failure>
  </testcase> <!-- TC_030 -->
  <testcase classname="com.aina.mobile.android.test.alerts.AlertsTest" name="TC_031" time="49.594">
    <failure type="org.openqa.selenium.NoSuchElementException" message="An element could not be located on the page using the given search parameters.
For documentation on this error, please visit: https://selenium.dev/exceptions/#no_such_element
Build info: version: &amp;apos;4.8.1&amp;apos;, revision: &amp;apos;8ebccac989&amp;apos;
System info: os.name: &amp;apos;Windows 10&amp;apos;, os.arch: &amp;apos;amd64&amp;apos;, os.version: &amp;apos;10.0&amp;apos;, java.version: &amp;apos;11.0.22&amp;apos;
Driver info: io.appium.java_client.android.AndroidDriver
Command: [63b09be2-336a-43e9-b70d-a8c9f7dcee6f, findElement {using=xpath, value=//*[@resource-id=&amp;apos;com.janacare.ainab:id/active_button&amp;apos;]}]
Capabilities {appium:app: C:\Users\Admin\Downloads\Ai..., appium:appPackage: com.janacare.ainab, appium:appium: http://0.0.0.0:4723/wd/hub, appium:autoGrantPermissions: true, appium:clearDeviceLogsOnStart: true, appium:databaseEnabled: false, appium:desired: {app: C:\Users\Admin\Downloads\Ai..., appium: http://0.0.0.0:4723/wd/hub, autoGrantPermissions: true, clearDeviceLogsOnStart: true, deviceName: RZCWA232H2F, newCommandTimeout: 300, platformName: android, platformVersion: 14, resetKeyboard: true, skipDeviceInitialization: true}, appium:deviceApiLevel: 34, appium:deviceManufacturer: samsung, appium:deviceModel: SM-M346B, appium:deviceName: RZCWA232H2F, appium:deviceScreenDensity: 450, appium:deviceScreenSize: 1080x2340, appium:deviceUDID: RZCWA232H2F, appium:javascriptEnabled: true, appium:locationContextEnabled: false, appium:networkConnectionEnabled: true, appium:newCommandTimeout: 300, appium:pixelRatio: 2.8125, appium:platformVersion: 14, appium:resetKeyboard: true, appium:skipDeviceInitialization: true, appium:statBarHeight: 77, appium:takesScreenshot: true, appium:viewportRect: {height: 2051, left: 0, top: 77, width: 1080}, appium:warnings: {}, appium:webStorageEnabled: false, platformName: ANDROID}
Session ID: 63b09be2-336a-43e9-b70d-a8c9f7dcee6f">
      <![CDATA[org.openqa.selenium.NoSuchElementException: An element could not be located on the page using the given search parameters.
For documentation on this error, please visit: https://selenium.dev/exceptions/#no_such_element
Build info: version: '4.8.1', revision: '8ebccac989'
System info: os.name: 'Windows 10', os.arch: 'amd64', os.version: '10.0', java.version: '11.0.22'
Driver info: io.appium.java_client.android.AndroidDriver
Command: [63b09be2-336a-43e9-b70d-a8c9f7dcee6f, findElement {using=xpath, value=//*[@resource-id='com.janacare.ainab:id/active_button']}]
Capabilities {appium:app: C:\Users\Admin\Downloads\Ai..., appium:appPackage: com.janacare.ainab, appium:appium: http://0.0.0.0:4723/wd/hub, appium:autoGrantPermissions: true, appium:clearDeviceLogsOnStart: true, appium:databaseEnabled: false, appium:desired: {app: C:\Users\Admin\Downloads\Ai..., appium: http://0.0.0.0:4723/wd/hub, autoGrantPermissions: true, clearDeviceLogsOnStart: true, deviceName: RZCWA232H2F, newCommandTimeout: 300, platformName: android, platformVersion: 14, resetKeyboard: true, skipDeviceInitialization: true}, appium:deviceApiLevel: 34, appium:deviceManufacturer: samsung, appium:deviceModel: SM-M346B, appium:deviceName: RZCWA232H2F, appium:deviceScreenDensity: 450, appium:deviceScreenSize: 1080x2340, appium:deviceUDID: RZCWA232H2F, appium:javascriptEnabled: true, appium:locationContextEnabled: false, appium:networkConnectionEnabled: true, appium:newCommandTimeout: 300, appium:pixelRatio: 2.8125, appium:platformVersion: 14, appium:resetKeyboard: true, appium:skipDeviceInitialization: true, appium:statBarHeight: 77, appium:takesScreenshot: true, appium:viewportRect: {height: 2051, left: 0, top: 77, width: 1080}, appium:warnings: {}, appium:webStorageEnabled: false, platformName: ANDROID}
Session ID: 63b09be2-336a-43e9-b70d-a8c9f7dcee6f
at org.openqa.selenium.remote.codec.w3c.W3CHttpResponseCodec.createException(W3CHttpResponseCodec.java:200)
at org.openqa.selenium.remote.codec.w3c.W3CHttpResponseCodec.decode(W3CHttpResponseCodec.java:133)
at org.openqa.selenium.remote.codec.w3c.W3CHttpResponseCodec.decode(W3CHttpResponseCodec.java:53)
at org.openqa.selenium.remote.HttpCommandExecutor.execute(HttpCommandExecutor.java:184)
at io.appium.java_client.remote.AppiumCommandExecutor.execute(AppiumCommandExecutor.java:262)
at org.openqa.selenium.remote.RemoteWebDriver.execute(RemoteWebDriver.java:543)
at org.openqa.selenium.remote.ElementLocation$ElementFinder$2.findElement(ElementLocation.java:162)
at org.openqa.selenium.remote.ElementLocation.findElement(ElementLocation.java:60)
at org.openqa.selenium.remote.RemoteWebDriver.findElement(RemoteWebDriver.java:352)
at org.openqa.selenium.remote.RemoteWebDriver.findElement(RemoteWebDriver.java:344)
at org.openqa.selenium.support.pagefactory.DefaultElementLocator.findElement(DefaultElementLocator.java:70)
at org.openqa.selenium.support.pagefactory.internal.LocatingElementHandler.invoke(LocatingElementHandler.java:39)
at com.sun.proxy.$Proxy20.click(Unknown Source)
at com.aina.mobile.android.test.gettingstartedpage.GettingStartedModule.clickNext(GettingStartedModule.java:119)
at com.aina.mobile.android.test.alerts.AlertsTest.TC_031(AlertsTest.java:38)
at java.base/java.util.ArrayList.forEach(ArrayList.java:1541)
... Removed 31 stack frames]]>
    </failure>
  </testcase> <!-- TC_031 -->
  <testcase classname="com.aina.mobile.android.test.alerts.AlertsTest" name="TC_032" time="56.384"/>
  <testcase classname="com.aina.mobile.android.test.alerts.AlertsTest" name="TC_033" time="68.752">
    <failure type="org.openqa.selenium.NoSuchElementException" message="An element could not be located on the page using the given search parameters.
For documentation on this error, please visit: https://selenium.dev/exceptions/#no_such_element
Build info: version: &amp;apos;4.8.1&amp;apos;, revision: &amp;apos;8ebccac989&amp;apos;
System info: os.name: &amp;apos;Windows 10&amp;apos;, os.arch: &amp;apos;amd64&amp;apos;, os.version: &amp;apos;10.0&amp;apos;, java.version: &amp;apos;11.0.22&amp;apos;
Driver info: io.appium.java_client.android.AndroidDriver
Command: [63b09be2-336a-43e9-b70d-a8c9f7dcee6f, findElement {using=id, value=com.janacare.ainab:id/active_button}]
Capabilities {appium:app: C:\Users\Admin\Downloads\Ai..., appium:appPackage: com.janacare.ainab, appium:appium: http://0.0.0.0:4723/wd/hub, appium:autoGrantPermissions: true, appium:clearDeviceLogsOnStart: true, appium:databaseEnabled: false, appium:desired: {app: C:\Users\Admin\Downloads\Ai..., appium: http://0.0.0.0:4723/wd/hub, autoGrantPermissions: true, clearDeviceLogsOnStart: true, deviceName: RZCWA232H2F, newCommandTimeout: 300, platformName: android, platformVersion: 14, resetKeyboard: true, skipDeviceInitialization: true}, appium:deviceApiLevel: 34, appium:deviceManufacturer: samsung, appium:deviceModel: SM-M346B, appium:deviceName: RZCWA232H2F, appium:deviceScreenDensity: 450, appium:deviceScreenSize: 1080x2340, appium:deviceUDID: RZCWA232H2F, appium:javascriptEnabled: true, appium:locationContextEnabled: false, appium:networkConnectionEnabled: true, appium:newCommandTimeout: 300, appium:pixelRatio: 2.8125, appium:platformVersion: 14, appium:resetKeyboard: true, appium:skipDeviceInitialization: true, appium:statBarHeight: 77, appium:takesScreenshot: true, appium:viewportRect: {height: 2051, left: 0, top: 77, width: 1080}, appium:warnings: {}, appium:webStorageEnabled: false, platformName: ANDROID}
Session ID: 63b09be2-336a-43e9-b70d-a8c9f7dcee6f">
      <![CDATA[org.openqa.selenium.NoSuchElementException: An element could not be located on the page using the given search parameters.
For documentation on this error, please visit: https://selenium.dev/exceptions/#no_such_element
Build info: version: '4.8.1', revision: '8ebccac989'
System info: os.name: 'Windows 10', os.arch: 'amd64', os.version: '10.0', java.version: '11.0.22'
Driver info: io.appium.java_client.android.AndroidDriver
Command: [63b09be2-336a-43e9-b70d-a8c9f7dcee6f, findElement {using=id, value=com.janacare.ainab:id/active_button}]
Capabilities {appium:app: C:\Users\Admin\Downloads\Ai..., appium:appPackage: com.janacare.ainab, appium:appium: http://0.0.0.0:4723/wd/hub, appium:autoGrantPermissions: true, appium:clearDeviceLogsOnStart: true, appium:databaseEnabled: false, appium:desired: {app: C:\Users\Admin\Downloads\Ai..., appium: http://0.0.0.0:4723/wd/hub, autoGrantPermissions: true, clearDeviceLogsOnStart: true, deviceName: RZCWA232H2F, newCommandTimeout: 300, platformName: android, platformVersion: 14, resetKeyboard: true, skipDeviceInitialization: true}, appium:deviceApiLevel: 34, appium:deviceManufacturer: samsung, appium:deviceModel: SM-M346B, appium:deviceName: RZCWA232H2F, appium:deviceScreenDensity: 450, appium:deviceScreenSize: 1080x2340, appium:deviceUDID: RZCWA232H2F, appium:javascriptEnabled: true, appium:locationContextEnabled: false, appium:networkConnectionEnabled: true, appium:newCommandTimeout: 300, appium:pixelRatio: 2.8125, appium:platformVersion: 14, appium:resetKeyboard: true, appium:skipDeviceInitialization: true, appium:statBarHeight: 77, appium:takesScreenshot: true, appium:viewportRect: {height: 2051, left: 0, top: 77, width: 1080}, appium:warnings: {}, appium:webStorageEnabled: false, platformName: ANDROID}
Session ID: 63b09be2-336a-43e9-b70d-a8c9f7dcee6f
at org.openqa.selenium.remote.codec.w3c.W3CHttpResponseCodec.createException(W3CHttpResponseCodec.java:200)
at org.openqa.selenium.remote.codec.w3c.W3CHttpResponseCodec.decode(W3CHttpResponseCodec.java:133)
at org.openqa.selenium.remote.codec.w3c.W3CHttpResponseCodec.decode(W3CHttpResponseCodec.java:53)
at org.openqa.selenium.remote.HttpCommandExecutor.execute(HttpCommandExecutor.java:184)
at io.appium.java_client.remote.AppiumCommandExecutor.execute(AppiumCommandExecutor.java:262)
at org.openqa.selenium.remote.RemoteWebDriver.execute(RemoteWebDriver.java:543)
at org.openqa.selenium.remote.ElementLocation$ElementFinder$2.findElement(ElementLocation.java:162)
at org.openqa.selenium.remote.ElementLocation.findElement(ElementLocation.java:60)
at org.openqa.selenium.remote.RemoteWebDriver.findElement(RemoteWebDriver.java:352)
at org.openqa.selenium.remote.RemoteWebDriver.findElement(RemoteWebDriver.java:344)
at org.openqa.selenium.support.pagefactory.DefaultElementLocator.findElement(DefaultElementLocator.java:70)
at org.openqa.selenium.support.pagefactory.internal.LocatingElementHandler.invoke(LocatingElementHandler.java:39)
at com.sun.proxy.$Proxy20.click(Unknown Source)
at com.aina.mobile.android.test.permissions.PermissionModule.clickStartButton(PermissionModule.java:188)
at com.aina.mobile.android.test.alerts.AlertsTest.TC_033(AlertsTest.java:72)
at java.base/java.util.ArrayList.forEach(ArrayList.java:1541)
... Removed 31 stack frames]]>
    </failure>
  </testcase> <!-- TC_033 -->
  <testcase classname="com.aina.mobile.android.test.placetube.PlaceTubeTest" name="TC_058" time="42.668">
    <failure type="org.openqa.selenium.NoSuchElementException" message="An element could not be located on the page using the given search parameters.
For documentation on this error, please visit: https://selenium.dev/exceptions/#no_such_element
Build info: version: &amp;apos;4.8.1&amp;apos;, revision: &amp;apos;8ebccac989&amp;apos;
System info: os.name: &amp;apos;Windows 10&amp;apos;, os.arch: &amp;apos;amd64&amp;apos;, os.version: &amp;apos;10.0&amp;apos;, java.version: &amp;apos;11.0.22&amp;apos;
Driver info: io.appium.java_client.android.AndroidDriver
Command: [63b09be2-336a-43e9-b70d-a8c9f7dcee6f, findElement {using=xpath, value=//*[@resource-id=&amp;apos;com.janacare.ainab:id/active_button&amp;apos;]}]
Capabilities {appium:app: C:\Users\Admin\Downloads\Ai..., appium:appPackage: com.janacare.ainab, appium:appium: http://0.0.0.0:4723/wd/hub, appium:autoGrantPermissions: true, appium:clearDeviceLogsOnStart: true, appium:databaseEnabled: false, appium:desired: {app: C:\Users\Admin\Downloads\Ai..., appium: http://0.0.0.0:4723/wd/hub, autoGrantPermissions: true, clearDeviceLogsOnStart: true, deviceName: RZCWA232H2F, newCommandTimeout: 300, platformName: android, platformVersion: 14, resetKeyboard: true, skipDeviceInitialization: true}, appium:deviceApiLevel: 34, appium:deviceManufacturer: samsung, appium:deviceModel: SM-M346B, appium:deviceName: RZCWA232H2F, appium:deviceScreenDensity: 450, appium:deviceScreenSize: 1080x2340, appium:deviceUDID: RZCWA232H2F, appium:javascriptEnabled: true, appium:locationContextEnabled: false, appium:networkConnectionEnabled: true, appium:newCommandTimeout: 300, appium:pixelRatio: 2.8125, appium:platformVersion: 14, appium:resetKeyboard: true, appium:skipDeviceInitialization: true, appium:statBarHeight: 77, appium:takesScreenshot: true, appium:viewportRect: {height: 2051, left: 0, top: 77, width: 1080}, appium:warnings: {}, appium:webStorageEnabled: false, platformName: ANDROID}
Session ID: 63b09be2-336a-43e9-b70d-a8c9f7dcee6f">
      <![CDATA[org.openqa.selenium.NoSuchElementException: An element could not be located on the page using the given search parameters.
For documentation on this error, please visit: https://selenium.dev/exceptions/#no_such_element
Build info: version: '4.8.1', revision: '8ebccac989'
System info: os.name: 'Windows 10', os.arch: 'amd64', os.version: '10.0', java.version: '11.0.22'
Driver info: io.appium.java_client.android.AndroidDriver
Command: [63b09be2-336a-43e9-b70d-a8c9f7dcee6f, findElement {using=xpath, value=//*[@resource-id='com.janacare.ainab:id/active_button']}]
Capabilities {appium:app: C:\Users\Admin\Downloads\Ai..., appium:appPackage: com.janacare.ainab, appium:appium: http://0.0.0.0:4723/wd/hub, appium:autoGrantPermissions: true, appium:clearDeviceLogsOnStart: true, appium:databaseEnabled: false, appium:desired: {app: C:\Users\Admin\Downloads\Ai..., appium: http://0.0.0.0:4723/wd/hub, autoGrantPermissions: true, clearDeviceLogsOnStart: true, deviceName: RZCWA232H2F, newCommandTimeout: 300, platformName: android, platformVersion: 14, resetKeyboard: true, skipDeviceInitialization: true}, appium:deviceApiLevel: 34, appium:deviceManufacturer: samsung, appium:deviceModel: SM-M346B, appium:deviceName: RZCWA232H2F, appium:deviceScreenDensity: 450, appium:deviceScreenSize: 1080x2340, appium:deviceUDID: RZCWA232H2F, appium:javascriptEnabled: true, appium:locationContextEnabled: false, appium:networkConnectionEnabled: true, appium:newCommandTimeout: 300, appium:pixelRatio: 2.8125, appium:platformVersion: 14, appium:resetKeyboard: true, appium:skipDeviceInitialization: true, appium:statBarHeight: 77, appium:takesScreenshot: true, appium:viewportRect: {height: 2051, left: 0, top: 77, width: 1080}, appium:warnings: {}, appium:webStorageEnabled: false, platformName: ANDROID}
Session ID: 63b09be2-336a-43e9-b70d-a8c9f7dcee6f
at org.openqa.selenium.remote.codec.w3c.W3CHttpResponseCodec.createException(W3CHttpResponseCodec.java:200)
at org.openqa.selenium.remote.codec.w3c.W3CHttpResponseCodec.decode(W3CHttpResponseCodec.java:133)
at org.openqa.selenium.remote.codec.w3c.W3CHttpResponseCodec.decode(W3CHttpResponseCodec.java:53)
at org.openqa.selenium.remote.HttpCommandExecutor.execute(HttpCommandExecutor.java:184)
at io.appium.java_client.remote.AppiumCommandExecutor.execute(AppiumCommandExecutor.java:262)
at org.openqa.selenium.remote.RemoteWebDriver.execute(RemoteWebDriver.java:543)
at org.openqa.selenium.remote.ElementLocation$ElementFinder$2.findElement(ElementLocation.java:162)
at org.openqa.selenium.remote.ElementLocation.findElement(ElementLocation.java:60)
at org.openqa.selenium.remote.RemoteWebDriver.findElement(RemoteWebDriver.java:352)
at org.openqa.selenium.remote.RemoteWebDriver.findElement(RemoteWebDriver.java:344)
at org.openqa.selenium.support.pagefactory.DefaultElementLocator.findElement(DefaultElementLocator.java:70)
at org.openqa.selenium.support.pagefactory.internal.LocatingElementHandler.invoke(LocatingElementHandler.java:39)
at com.sun.proxy.$Proxy20.click(Unknown Source)
at com.aina.mobile.android.test.gettingstartedpage.GettingStartedModule.clickNext(GettingStartedModule.java:119)
at com.aina.mobile.android.test.gettingstartedpage.GettingStartedModule.NextButton(GettingStartedModule.java:155)
at com.aina.mobile.android.test.placetube.PlaceTubeTest.TC_058(PlaceTubeTest.java:27)
at java.base/java.util.ArrayList.forEach(ArrayList.java:1541)
... Removed 31 stack frames]]>
    </failure>
  </testcase> <!-- TC_058 -->
  <testcase classname="com.aina.mobile.android.test.placetube.PlaceTubeTest" name="TC_059" time="17.576"/>
  <testcase classname="com.aina.mobile.android.test.placetube.PlaceTubeTest" name="TC_060" time="21.338"/>
  <testcase classname="com.aina.mobile.android.test.placetube.PlaceTubeTest" name="TC_061" time="67.184"/>
  <testcase classname="com.aina.mobile.android.test.placetube.PlaceTubeTest" name="TC_067" time="37.564"/>
  <testcase classname="com.aina.mobile.android.test.placetube.PlaceTubeTest" name="TC_068" time="48.335"/>
  <testcase classname="com.aina.mobile.android.test.insertstrip.InsertStripTest" name="TC_069" time="44.043"/>
  <testcase classname="com.aina.mobile.android.test.insertstrip.InsertStripTest" name="TC_075" time="37.843"/>
  <testcase classname="com.aina.mobile.android.test.insertstrip.InsertStripTest" name="TC_076" time="44.026"/>
  <testcase classname="com.aina.mobile.android.test.insertstrip.InsertStripTest" name="TC_083" time="83.417"/>
  <testcase classname="com.aina.mobile.android.test.insertstrip.InsertStripTest" name="TC_084" time="76.765"/>
  <testcase classname="com.aina.mobile.android.test.collectapplysample.CollectAndApplySampleTest" name="TC_085" time="73.176"/>
  <testcase classname="com.aina.mobile.android.test.collectapplysample.CollectAndApplySampleTest" name="TC_086" time="68.657"/>
  <testcase classname="com.aina.mobile.android.test.collectapplysample.CollectAndApplySampleTest" name="TC_087" time="102.218"/>
  <testcase classname="com.aina.mobile.android.test.collectapplysample.CollectAndApplySampleTest" name="TC_093" time="127.186"/>
  <testcase classname="com.aina.mobile.android.test.collectapplysample.CollectAndApplySampleTest" name="TC_094" time="104.755"/>
  <testcase classname="com.aina.mobile.android.test.collectapplysample.CollectAndApplySampleTest" name="TC_100" time="102.784"/>
  <testcase classname="com.aina.mobile.android.test.analyzing.AnalyzingTest" name="TC_102" time="112.088"/>
  <testcase classname="com.aina.mobile.android.test.analyzing.AnalyzingTest" name="TC_103" time="108.75">
    <failure type="java.lang.AssertionError" message="Text does not match! expected [Please do not move the strip or device during analysis.] but found [Please replace with new batteries.]">
      <![CDATA[java.lang.AssertionError: Text does not match! expected [Please do not move the strip or device during analysis.] but found [Please replace with new batteries.]
at com.aina.mobile.android.test.analyzing.AnalyzingModule.verifyAnalyzingScreen(AnalyzingModule.java:42)
at com.aina.mobile.android.test.analyzing.AnalyzingTest.TC_103(AnalyzingTest.java:63)
at java.base/java.util.ArrayList.forEach(ArrayList.java:1541)
... Removed 32 stack frames]]>
    </failure>
  </testcase> <!-- TC_103 -->
  <testcase classname="com.aina.mobile.android.test.analyzing.AnalyzingTest" name="TC_110" time="131.665"/>
  <testcase classname="com.mobile.test.abstractpage.AbstractPageObjectMobile" name="@BeforeTest driverDefinition" time="0.0">
    <ignored/>
  </testcase> <!-- @BeforeTest driverDefinition -->
  <testcase classname="com.mobile.test.abstractpage.AbstractPageObjectMobile" name="@AfterTest quitDriver" time="0.0">
    <ignored/>
  </testcase> <!-- @AfterTest quitDriver -->
  <testcase classname="com.mobile.test.abstractpage.AbstractPageObjectMobile" name="@BeforeTest driverDefinition" time="0.0">
    <ignored/>
  </testcase> <!-- @BeforeTest driverDefinition -->
  <testcase classname="com.mobile.test.abstractpage.AbstractPageObjectMobile" name="@AfterTest quitDriver" time="0.0">
    <ignored/>
  </testcase> <!-- @AfterTest quitDriver -->
  <testcase classname="com.mobile.test.abstractpage.AbstractPageObjectMobile" name="@BeforeTest driverDefinition" time="0.0">
    <ignored/>
  </testcase> <!-- @BeforeTest driverDefinition -->
  <testcase classname="com.mobile.test.abstractpage.AbstractPageObjectMobile" name="@BeforeTest driverDefinition" time="0.0">
    <ignored/>
  </testcase> <!-- @BeforeTest driverDefinition -->
  <testcase classname="com.mobile.test.abstractpage.AbstractPageObjectMobile" name="@AfterTest quitDriver" time="0.0">
    <ignored/>
  </testcase> <!-- @AfterTest quitDriver -->
  <testcase classname="com.mobile.test.abstractpage.AbstractPageObjectMobile" name="@AfterTest quitDriver" time="0.0">
    <ignored/>
  </testcase> <!-- @AfterTest quitDriver -->
  <testcase classname="com.mobile.test.abstractpage.AbstractPageObjectMobile" name="@AfterTest quitDriver" time="0.0">
    <ignored/>
  </testcase> <!-- @AfterTest quitDriver -->
  <testcase classname="com.mobile.test.abstractpage.AbstractPageObjectMobile" name="@BeforeTest driverDefinition" time="0.0">
    <ignored/>
  </testcase> <!-- @BeforeTest driverDefinition -->
  <testcase classname="com.mobile.test.abstractpage.AbstractPageObjectMobile" name="@AfterTest quitDriver" time="0.0">
    <ignored/>
  </testcase> <!-- @AfterTest quitDriver -->
  <testcase classname="com.mobile.test.abstractpage.AbstractPageObjectMobile" name="@BeforeTest driverDefinition" time="0.0">
    <ignored/>
  </testcase> <!-- @BeforeTest driverDefinition -->
</testsuite> <!-- Test -->
