<html>
<head>
<title>TestNG:  Test</title>
<link href="../testng.css" rel="stylesheet" type="text/css" />
<link href="../my-testng.css" rel="stylesheet" type="text/css" />

<style type="text/css">
.log { display: none;} 
.stack-trace { display: none;} 
</style>
<script type="text/javascript">
<!--
function flip(e) {
  current = e.style.display;
  if (current == 'block') {
    e.style.display = 'none';
    return 0;
  }
  else {
    e.style.display = 'block';
    return 1;
  }
}

function toggleBox(szDivId, elem, msg1, msg2)
{
  var res = -1;  if (document.getElementById) {
    res = flip(document.getElementById(szDivId));
  }
  else if (document.all) {
    // this is the way old msie versions work
    res = flip(document.all[szDivId]);
  }
  if(elem) {
    if(res == 0) elem.innerHTML = msg1; else elem.innerHTML = msg2;
  }

}

function toggleAllBoxes() {
  if (document.getElementsByTagName) {
    d = document.getElementsByTagName('div');
    for (i = 0; i < d.length; i++) {
      if (d[i].className == 'log') {
        flip(d[i]);
      }
    }
  }
}

// -->
</script>

</head>
<body>
<h2 align='center'>Test</h2><table border='1' align="center">
<tr>
<td>Tests passed/Failed/Skipped:</td><td>39/8/0</td>
</tr><tr>
<td>Started on:</td><td>Thu Jun 20 15:51:09 IST 2024</td>
</tr>
<tr><td>Total time:</td><td>1986 seconds (1986868 ms)</td>
</tr><tr>
<td>Included groups:</td><td></td>
</tr><tr>
<td>Excluded groups:</td><td></td>
</tr>
</table><p/>
<small><i>(Hover the method name to see the test class name)</i></small><p/>
<table width='100%' border='1' class='invocation-failed'>
<tr><td colspan='4' align='center'><b>FAILED TESTS</b></td></tr>
<tr><td><b>Test method</b></td>
<td><b>Attribute(s)</b></td>
<td width="30%"><b>Exception</b></td>
<td width="10%"><b>Time (seconds)</b></td>
<td><b>Instance</b></td>
</tr>
<tr>
<td title='com.aina.mobile.android.test.gettingstartedpage.GettingStartedTest.TC_002()'><b>TC_002</b><br>Test class: com.aina.mobile.android.test.gettingstartedpage.GettingStartedTest<br>Test method: UI and its default validation Navigate to 'Getting Started' page</td>
<td><div><pre>java.lang.AssertionError: Text does not match! expected [Let’s get started] but found [Let’s get started!]
	at com.aina.mobile.android.test.gettingstartedpage.GettingStartedModule.verifyStartingPage(GettingStartedModule.java:70)
	at com.aina.mobile.android.test.gettingstartedpage.GettingStartedTest.TC_002(GettingStartedTest.java:33)
	at java.base/java.util.ArrayList.forEach(ArrayList.java:1541)
... Removed 32 stack frames</pre></div><a href='#' onClick='toggleBox("stack-trace2107841088", this, "Click to show all stack frames", "Click to hide stack frames")'>Click to show all stack frames</a>
<div class='stack-trace' id='stack-trace2107841088'><pre>java.lang.AssertionError: Text does not match! expected [Let’s get started] but found [Let’s get started!]
	at org.testng.Assert.fail(Assert.java:110)
	at org.testng.Assert.failNotEquals(Assert.java:1577)
	at org.testng.Assert.assertEqualsImpl(Assert.java:149)
	at org.testng.Assert.assertEquals(Assert.java:131)
	at org.testng.Assert.assertEquals(Assert.java:655)
	at com.aina.mobile.android.test.gettingstartedpage.GettingStartedModule.verifyStartingPage(GettingStartedModule.java:70)
	at com.aina.mobile.android.test.gettingstartedpage.GettingStartedTest.TC_002(GettingStartedTest.java:33)
	at java.base/jdk.internal.reflect.NativeMethodAccessorImpl.invoke0(Native Method)
	at java.base/jdk.internal.reflect.NativeMethodAccessorImpl.invoke(NativeMethodAccessorImpl.java:62)
	at java.base/jdk.internal.reflect.DelegatingMethodAccessorImpl.invoke(DelegatingMethodAccessorImpl.java:43)
	at java.base/java.lang.reflect.Method.invoke(Method.java:566)
	at org.testng.internal.invokers.MethodInvocationHelper.invokeMethod(MethodInvocationHelper.java:139)
	at org.testng.internal.invokers.TestInvoker.invokeMethod(TestInvoker.java:677)
	at org.testng.internal.invokers.TestInvoker.invokeTestMethod(TestInvoker.java:221)
	at org.testng.internal.invokers.MethodRunner.runInSequence(MethodRunner.java:50)
	at org.testng.internal.invokers.TestInvoker$MethodInvocationAgent.invoke(TestInvoker.java:969)
	at org.testng.internal.invokers.TestInvoker.invokeTestMethods(TestInvoker.java:194)
	at org.testng.internal.invokers.TestMethodWorker.invokeTestMethods(TestMethodWorker.java:148)
	at org.testng.internal.invokers.TestMethodWorker.run(TestMethodWorker.java:128)
	at java.base/java.util.ArrayList.forEach(ArrayList.java:1541)
	at org.testng.TestRunner.privateRun(TestRunner.java:829)
	at org.testng.TestRunner.run(TestRunner.java:602)
	at org.testng.SuiteRunner.runTest(SuiteRunner.java:437)
	at org.testng.SuiteRunner.runSequentially(SuiteRunner.java:431)
	at org.testng.SuiteRunner.privateRun(SuiteRunner.java:391)
	at org.testng.SuiteRunner.run(SuiteRunner.java:330)
	at org.testng.SuiteRunnerWorker.runSuite(SuiteRunnerWorker.java:52)
	at org.testng.SuiteRunnerWorker.run(SuiteRunnerWorker.java:95)
	at org.testng.TestNG.runSuitesSequentially(TestNG.java:1256)
	at org.testng.TestNG.runSuitesLocally(TestNG.java:1176)
	at org.testng.TestNG.runSuites(TestNG.java:1099)
	at org.testng.TestNG.run(TestNG.java:1067)
	at org.testng.remote.AbstractRemoteTestNG.run(AbstractRemoteTestNG.java:115)
	at org.testng.remote.RemoteTestNG.initAndRun(RemoteTestNG.java:293)
	at org.testng.remote.RemoteTestNG.main(RemoteTestNG.java:91)
</pre></div></td>
<td>2</td>
<td>com.aina.mobile.android.test.gettingstartedpage.GettingStartedTest@35f26e72</td></tr>
<tr>
<td title='com.aina.mobile.android.test.gettingstartedpage.GettingStartedTest.TC_010()'><b>TC_010</b><br>Test class: com.aina.mobile.android.test.gettingstartedpage.GettingStartedTest<br>Test method: Validate 'Back' button</td>
<td><div><pre>java.lang.AssertionError: Text does not match! expected [Let’s get started] but found [Let’s get started!]
	at com.aina.mobile.android.test.gettingstartedpage.GettingStartedModule.verifyStartingPage(GettingStartedModule.java:70)
	at com.aina.mobile.android.test.gettingstartedpage.GettingStartedTest.TC_010(GettingStartedTest.java:108)
	at java.base/java.util.ArrayList.forEach(ArrayList.java:1541)
... Removed 32 stack frames</pre></div><a href='#' onClick='toggleBox("stack-trace1103934393", this, "Click to show all stack frames", "Click to hide stack frames")'>Click to show all stack frames</a>
<div class='stack-trace' id='stack-trace1103934393'><pre>java.lang.AssertionError: Text does not match! expected [Let’s get started] but found [Let’s get started!]
	at org.testng.Assert.fail(Assert.java:110)
	at org.testng.Assert.failNotEquals(Assert.java:1577)
	at org.testng.Assert.assertEqualsImpl(Assert.java:149)
	at org.testng.Assert.assertEquals(Assert.java:131)
	at org.testng.Assert.assertEquals(Assert.java:655)
	at com.aina.mobile.android.test.gettingstartedpage.GettingStartedModule.verifyStartingPage(GettingStartedModule.java:70)
	at com.aina.mobile.android.test.gettingstartedpage.GettingStartedTest.TC_010(GettingStartedTest.java:108)
	at java.base/jdk.internal.reflect.NativeMethodAccessorImpl.invoke0(Native Method)
	at java.base/jdk.internal.reflect.NativeMethodAccessorImpl.invoke(NativeMethodAccessorImpl.java:62)
	at java.base/jdk.internal.reflect.DelegatingMethodAccessorImpl.invoke(DelegatingMethodAccessorImpl.java:43)
	at java.base/java.lang.reflect.Method.invoke(Method.java:566)
	at org.testng.internal.invokers.MethodInvocationHelper.invokeMethod(MethodInvocationHelper.java:139)
	at org.testng.internal.invokers.TestInvoker.invokeMethod(TestInvoker.java:677)
	at org.testng.internal.invokers.TestInvoker.invokeTestMethod(TestInvoker.java:221)
	at org.testng.internal.invokers.MethodRunner.runInSequence(MethodRunner.java:50)
	at org.testng.internal.invokers.TestInvoker$MethodInvocationAgent.invoke(TestInvoker.java:969)
	at org.testng.internal.invokers.TestInvoker.invokeTestMethods(TestInvoker.java:194)
	at org.testng.internal.invokers.TestMethodWorker.invokeTestMethods(TestMethodWorker.java:148)
	at org.testng.internal.invokers.TestMethodWorker.run(TestMethodWorker.java:128)
	at java.base/java.util.ArrayList.forEach(ArrayList.java:1541)
	at org.testng.TestRunner.privateRun(TestRunner.java:829)
	at org.testng.TestRunner.run(TestRunner.java:602)
	at org.testng.SuiteRunner.runTest(SuiteRunner.java:437)
	at org.testng.SuiteRunner.runSequentially(SuiteRunner.java:431)
	at org.testng.SuiteRunner.privateRun(SuiteRunner.java:391)
	at org.testng.SuiteRunner.run(SuiteRunner.java:330)
	at org.testng.SuiteRunnerWorker.runSuite(SuiteRunnerWorker.java:52)
	at org.testng.SuiteRunnerWorker.run(SuiteRunnerWorker.java:95)
	at org.testng.TestNG.runSuitesSequentially(TestNG.java:1256)
	at org.testng.TestNG.runSuitesLocally(TestNG.java:1176)
	at org.testng.TestNG.runSuites(TestNG.java:1099)
	at org.testng.TestNG.run(TestNG.java:1067)
	at org.testng.remote.AbstractRemoteTestNG.run(AbstractRemoteTestNG.java:115)
	at org.testng.remote.RemoteTestNG.initAndRun(RemoteTestNG.java:293)
	at org.testng.remote.RemoteTestNG.main(RemoteTestNG.java:91)
</pre></div></td>
<td>6</td>
<td>com.aina.mobile.android.test.gettingstartedpage.GettingStartedTest@35f26e72</td></tr>
<tr>
<td title='com.aina.mobile.android.test.alerts.AlertsTest.TC_030()'><b>TC_030</b><br>Test class: com.aina.mobile.android.test.alerts.AlertsTest<br>Test method: Validating 'No internet' Alert from the Getting started page.</td>
<td><div><pre>java.lang.AssertionError: Text does not match! expected [No network connection. Try connecting again or try connecting to another network.] but found [Something went wrong Please try again 503]
	at com.aina.mobile.android.test.alerts.AlertsModule.verifyNoInternetAlertPopUpScreen(AlertsModule.java:35)
	at com.aina.mobile.android.test.alerts.AlertsTest.TC_030(AlertsTest.java:30)
	at java.base/java.util.ArrayList.forEach(ArrayList.java:1541)
... Removed 32 stack frames</pre></div><a href='#' onClick='toggleBox("stack-trace2124688514", this, "Click to show all stack frames", "Click to hide stack frames")'>Click to show all stack frames</a>
<div class='stack-trace' id='stack-trace2124688514'><pre>java.lang.AssertionError: Text does not match! expected [No network connection. Try connecting again or try connecting to another network.] but found [Something went wrong Please try again 503]
	at org.testng.Assert.fail(Assert.java:110)
	at org.testng.Assert.failNotEquals(Assert.java:1577)
	at org.testng.Assert.assertEqualsImpl(Assert.java:149)
	at org.testng.Assert.assertEquals(Assert.java:131)
	at org.testng.Assert.assertEquals(Assert.java:655)
	at com.aina.mobile.android.test.alerts.AlertsModule.verifyNoInternetAlertPopUpScreen(AlertsModule.java:35)
	at com.aina.mobile.android.test.alerts.AlertsTest.TC_030(AlertsTest.java:30)
	at java.base/jdk.internal.reflect.NativeMethodAccessorImpl.invoke0(Native Method)
	at java.base/jdk.internal.reflect.NativeMethodAccessorImpl.invoke(NativeMethodAccessorImpl.java:62)
	at java.base/jdk.internal.reflect.DelegatingMethodAccessorImpl.invoke(DelegatingMethodAccessorImpl.java:43)
	at java.base/java.lang.reflect.Method.invoke(Method.java:566)
	at org.testng.internal.invokers.MethodInvocationHelper.invokeMethod(MethodInvocationHelper.java:139)
	at org.testng.internal.invokers.TestInvoker.invokeMethod(TestInvoker.java:677)
	at org.testng.internal.invokers.TestInvoker.invokeTestMethod(TestInvoker.java:221)
	at org.testng.internal.invokers.MethodRunner.runInSequence(MethodRunner.java:50)
	at org.testng.internal.invokers.TestInvoker$MethodInvocationAgent.invoke(TestInvoker.java:969)
	at org.testng.internal.invokers.TestInvoker.invokeTestMethods(TestInvoker.java:194)
	at org.testng.internal.invokers.TestMethodWorker.invokeTestMethods(TestMethodWorker.java:148)
	at org.testng.internal.invokers.TestMethodWorker.run(TestMethodWorker.java:128)
	at java.base/java.util.ArrayList.forEach(ArrayList.java:1541)
	at org.testng.TestRunner.privateRun(TestRunner.java:829)
	at org.testng.TestRunner.run(TestRunner.java:602)
	at org.testng.SuiteRunner.runTest(SuiteRunner.java:437)
	at org.testng.SuiteRunner.runSequentially(SuiteRunner.java:431)
	at org.testng.SuiteRunner.privateRun(SuiteRunner.java:391)
	at org.testng.SuiteRunner.run(SuiteRunner.java:330)
	at org.testng.SuiteRunnerWorker.runSuite(SuiteRunnerWorker.java:52)
	at org.testng.SuiteRunnerWorker.run(SuiteRunnerWorker.java:95)
	at org.testng.TestNG.runSuitesSequentially(TestNG.java:1256)
	at org.testng.TestNG.runSuitesLocally(TestNG.java:1176)
	at org.testng.TestNG.runSuites(TestNG.java:1099)
	at org.testng.TestNG.run(TestNG.java:1067)
	at org.testng.remote.AbstractRemoteTestNG.run(AbstractRemoteTestNG.java:115)
	at org.testng.remote.RemoteTestNG.initAndRun(RemoteTestNG.java:293)
	at org.testng.remote.RemoteTestNG.main(RemoteTestNG.java:91)
</pre></div></td>
<td>13</td>
<td>com.aina.mobile.android.test.alerts.AlertsTest@5d5f10b2</td></tr>
<tr>
<td title='com.aina.mobile.android.test.analyzing.AnalyzingTest.TC_103()'><b>TC_103</b><br>Test class: com.aina.mobile.android.test.analyzing.AnalyzingTest<br>Test method: Navigate to 'Analyzing' page UI and defaults Validation.</td>
<td><div><pre>java.lang.AssertionError: Text does not match! expected [Please do not move the strip or device during analysis.] but found [Please replace with new batteries.]
	at com.aina.mobile.android.test.analyzing.AnalyzingModule.verifyAnalyzingScreen(AnalyzingModule.java:42)
	at com.aina.mobile.android.test.analyzing.AnalyzingTest.TC_103(AnalyzingTest.java:63)
	at java.base/java.util.ArrayList.forEach(ArrayList.java:1541)
... Removed 32 stack frames</pre></div><a href='#' onClick='toggleBox("stack-trace1060041730", this, "Click to show all stack frames", "Click to hide stack frames")'>Click to show all stack frames</a>
<div class='stack-trace' id='stack-trace1060041730'><pre>java.lang.AssertionError: Text does not match! expected [Please do not move the strip or device during analysis.] but found [Please replace with new batteries.]
	at org.testng.Assert.fail(Assert.java:110)
	at org.testng.Assert.failNotEquals(Assert.java:1577)
	at org.testng.Assert.assertEqualsImpl(Assert.java:149)
	at org.testng.Assert.assertEquals(Assert.java:131)
	at org.testng.Assert.assertEquals(Assert.java:655)
	at com.aina.mobile.android.test.analyzing.AnalyzingModule.verifyAnalyzingScreen(AnalyzingModule.java:42)
	at com.aina.mobile.android.test.analyzing.AnalyzingTest.TC_103(AnalyzingTest.java:63)
	at java.base/jdk.internal.reflect.NativeMethodAccessorImpl.invoke0(Native Method)
	at java.base/jdk.internal.reflect.NativeMethodAccessorImpl.invoke(NativeMethodAccessorImpl.java:62)
	at java.base/jdk.internal.reflect.DelegatingMethodAccessorImpl.invoke(DelegatingMethodAccessorImpl.java:43)
	at java.base/java.lang.reflect.Method.invoke(Method.java:566)
	at org.testng.internal.invokers.MethodInvocationHelper.invokeMethod(MethodInvocationHelper.java:139)
	at org.testng.internal.invokers.TestInvoker.invokeMethod(TestInvoker.java:677)
	at org.testng.internal.invokers.TestInvoker.invokeTestMethod(TestInvoker.java:221)
	at org.testng.internal.invokers.MethodRunner.runInSequence(MethodRunner.java:50)
	at org.testng.internal.invokers.TestInvoker$MethodInvocationAgent.invoke(TestInvoker.java:969)
	at org.testng.internal.invokers.TestInvoker.invokeTestMethods(TestInvoker.java:194)
	at org.testng.internal.invokers.TestMethodWorker.invokeTestMethods(TestMethodWorker.java:148)
	at org.testng.internal.invokers.TestMethodWorker.run(TestMethodWorker.java:128)
	at java.base/java.util.ArrayList.forEach(ArrayList.java:1541)
	at org.testng.TestRunner.privateRun(TestRunner.java:829)
	at org.testng.TestRunner.run(TestRunner.java:602)
	at org.testng.SuiteRunner.runTest(SuiteRunner.java:437)
	at org.testng.SuiteRunner.runSequentially(SuiteRunner.java:431)
	at org.testng.SuiteRunner.privateRun(SuiteRunner.java:391)
	at org.testng.SuiteRunner.run(SuiteRunner.java:330)
	at org.testng.SuiteRunnerWorker.runSuite(SuiteRunnerWorker.java:52)
	at org.testng.SuiteRunnerWorker.run(SuiteRunnerWorker.java:95)
	at org.testng.TestNG.runSuitesSequentially(TestNG.java:1256)
	at org.testng.TestNG.runSuitesLocally(TestNG.java:1176)
	at org.testng.TestNG.runSuites(TestNG.java:1099)
	at org.testng.TestNG.run(TestNG.java:1067)
	at org.testng.remote.AbstractRemoteTestNG.run(AbstractRemoteTestNG.java:115)
	at org.testng.remote.RemoteTestNG.initAndRun(RemoteTestNG.java:293)
	at org.testng.remote.RemoteTestNG.main(RemoteTestNG.java:91)
</pre></div></td>
<td>108</td>
<td>com.aina.mobile.android.test.analyzing.AnalyzingTest@7642df8f</td></tr>
<tr>
<td title='com.aina.mobile.android.test.alerts.AlertsTest.TC_031()'><b>TC_031</b><br>Test class: com.aina.mobile.android.test.alerts.AlertsTest<br>Test method: Validating 'No internet' Alert from the 'Get ready for testing' page.</td>
<td><div><pre>org.openqa.selenium.NoSuchElementException: An element could not be located on the page using the given search parameters.
For documentation on this error, please visit: https://selenium.dev/exceptions/#no_such_element
Build info: version: &apos;4.8.1&apos;, revision: &apos;8ebccac989&apos;
System info: os.name: &apos;Windows 10&apos;, os.arch: &apos;amd64&apos;, os.version: &apos;10.0&apos;, java.version: &apos;11.0.22&apos;
Driver info: io.appium.java_client.android.AndroidDriver
Command: [63b09be2-336a-43e9-b70d-a8c9f7dcee6f, findElement {using=xpath, value=//*[@resource-id=&apos;com.janacare.ainab:id/active_button&apos;]}]
Capabilities {appium:app: C:\Users\Admin\Downloads\Ai..., appium:appPackage: com.janacare.ainab, appium:appium: http://0.0.0.0:4723/wd/hub, appium:autoGrantPermissions: true, appium:clearDeviceLogsOnStart: true, appium:databaseEnabled: false, appium:desired: {app: C:\Users\Admin\Downloads\Ai..., appium: http://0.0.0.0:4723/wd/hub, autoGrantPermissions: true, clearDeviceLogsOnStart: true, deviceName: RZCWA232H2F, newCommandTimeout: 300, platformName: android, platformVersion: 14, resetKeyboard: true, skipDeviceInitialization: true}, appium:deviceApiLevel: 34, appium:deviceManufacturer: samsung, appium:deviceModel: SM-M346B, appium:deviceName: RZCWA232H2F, appium:deviceScreenDensity: 450, appium:deviceScreenSize: 1080x2340, appium:deviceUDID: RZCWA232H2F, appium:javascriptEnabled: true, appium:locationContextEnabled: false, appium:networkConnectionEnabled: true, appium:newCommandTimeout: 300, appium:pixelRatio: 2.8125, appium:platformVersion: 14, appium:resetKeyboard: true, appium:skipDeviceInitialization: true, appium:statBarHeight: 77, appium:takesScreenshot: true, appium:viewportRect: {height: 2051, left: 0, top: 77, width: 1080}, appium:warnings: {}, appium:webStorageEnabled: false, platformName: ANDROID}
Session ID: 63b09be2-336a-43e9-b70d-a8c9f7dcee6f
	at org.openqa.selenium.remote.codec.w3c.W3CHttpResponseCodec.createException(W3CHttpResponseCodec.java:200)
	at org.openqa.selenium.remote.codec.w3c.W3CHttpResponseCodec.decode(W3CHttpResponseCodec.java:133)
	at org.openqa.selenium.remote.codec.w3c.W3CHttpResponseCodec.decode(W3CHttpResponseCodec.java:53)
	at org.openqa.selenium.remote.HttpCommandExecutor.execute(HttpCommandExecutor.java:184)
	at io.appium.java_client.remote.AppiumCommandExecutor.execute(AppiumCommandExecutor.java:262)
	at org.openqa.selenium.remote.RemoteWebDriver.execute(RemoteWebDriver.java:543)
	at org.openqa.selenium.remote.ElementLocation$ElementFinder$2.findElement(ElementLocation.java:162)
	at org.openqa.selenium.remote.ElementLocation.findElement(ElementLocation.java:60)
	at org.openqa.selenium.remote.RemoteWebDriver.findElement(RemoteWebDriver.java:352)
	at org.openqa.selenium.remote.RemoteWebDriver.findElement(RemoteWebDriver.java:344)
	at org.openqa.selenium.support.pagefactory.DefaultElementLocator.findElement(DefaultElementLocator.java:70)
	at org.openqa.selenium.support.pagefactory.internal.LocatingElementHandler.invoke(LocatingElementHandler.java:39)
	at com.sun.proxy.$Proxy20.click(Unknown Source)
	at com.aina.mobile.android.test.gettingstartedpage.GettingStartedModule.clickNext(GettingStartedModule.java:119)
	at com.aina.mobile.android.test.alerts.AlertsTest.TC_031(AlertsTest.java:38)
	at java.base/java.util.ArrayList.forEach(ArrayList.java:1541)
... Removed 31 stack frames</pre></div><a href='#' onClick='toggleBox("stack-trace509000859", this, "Click to show all stack frames", "Click to hide stack frames")'>Click to show all stack frames</a>
<div class='stack-trace' id='stack-trace509000859'><pre>org.openqa.selenium.NoSuchElementException: An element could not be located on the page using the given search parameters.
For documentation on this error, please visit: https://selenium.dev/exceptions/#no_such_element
Build info: version: &apos;4.8.1&apos;, revision: &apos;8ebccac989&apos;
System info: os.name: &apos;Windows 10&apos;, os.arch: &apos;amd64&apos;, os.version: &apos;10.0&apos;, java.version: &apos;11.0.22&apos;
Driver info: io.appium.java_client.android.AndroidDriver
Command: [63b09be2-336a-43e9-b70d-a8c9f7dcee6f, findElement {using=xpath, value=//*[@resource-id=&apos;com.janacare.ainab:id/active_button&apos;]}]
Capabilities {appium:app: C:\Users\Admin\Downloads\Ai..., appium:appPackage: com.janacare.ainab, appium:appium: http://0.0.0.0:4723/wd/hub, appium:autoGrantPermissions: true, appium:clearDeviceLogsOnStart: true, appium:databaseEnabled: false, appium:desired: {app: C:\Users\Admin\Downloads\Ai..., appium: http://0.0.0.0:4723/wd/hub, autoGrantPermissions: true, clearDeviceLogsOnStart: true, deviceName: RZCWA232H2F, newCommandTimeout: 300, platformName: android, platformVersion: 14, resetKeyboard: true, skipDeviceInitialization: true}, appium:deviceApiLevel: 34, appium:deviceManufacturer: samsung, appium:deviceModel: SM-M346B, appium:deviceName: RZCWA232H2F, appium:deviceScreenDensity: 450, appium:deviceScreenSize: 1080x2340, appium:deviceUDID: RZCWA232H2F, appium:javascriptEnabled: true, appium:locationContextEnabled: false, appium:networkConnectionEnabled: true, appium:newCommandTimeout: 300, appium:pixelRatio: 2.8125, appium:platformVersion: 14, appium:resetKeyboard: true, appium:skipDeviceInitialization: true, appium:statBarHeight: 77, appium:takesScreenshot: true, appium:viewportRect: {height: 2051, left: 0, top: 77, width: 1080}, appium:warnings: {}, appium:webStorageEnabled: false, platformName: ANDROID}
Session ID: 63b09be2-336a-43e9-b70d-a8c9f7dcee6f
	at java.base/jdk.internal.reflect.NativeConstructorAccessorImpl.newInstance0(Native Method)
	at java.base/jdk.internal.reflect.NativeConstructorAccessorImpl.newInstance(NativeConstructorAccessorImpl.java:62)
	at java.base/jdk.internal.reflect.DelegatingConstructorAccessorImpl.newInstance(DelegatingConstructorAccessorImpl.java:45)
	at java.base/java.lang.reflect.Constructor.newInstance(Constructor.java:490)
	at org.openqa.selenium.remote.codec.w3c.W3CHttpResponseCodec.createException(W3CHttpResponseCodec.java:200)
	at org.openqa.selenium.remote.codec.w3c.W3CHttpResponseCodec.decode(W3CHttpResponseCodec.java:133)
	at org.openqa.selenium.remote.codec.w3c.W3CHttpResponseCodec.decode(W3CHttpResponseCodec.java:53)
	at org.openqa.selenium.remote.HttpCommandExecutor.execute(HttpCommandExecutor.java:184)
	at io.appium.java_client.remote.AppiumCommandExecutor.execute(AppiumCommandExecutor.java:262)
	at org.openqa.selenium.remote.RemoteWebDriver.execute(RemoteWebDriver.java:543)
	at org.openqa.selenium.remote.ElementLocation$ElementFinder$2.findElement(ElementLocation.java:162)
	at org.openqa.selenium.remote.ElementLocation.findElement(ElementLocation.java:60)
	at org.openqa.selenium.remote.RemoteWebDriver.findElement(RemoteWebDriver.java:352)
	at org.openqa.selenium.remote.RemoteWebDriver.findElement(RemoteWebDriver.java:344)
	at org.openqa.selenium.support.pagefactory.DefaultElementLocator.findElement(DefaultElementLocator.java:70)
	at org.openqa.selenium.support.pagefactory.internal.LocatingElementHandler.invoke(LocatingElementHandler.java:39)
	at com.sun.proxy.$Proxy20.click(Unknown Source)
	at com.aina.mobile.android.test.gettingstartedpage.GettingStartedModule.clickNext(GettingStartedModule.java:119)
	at com.aina.mobile.android.test.alerts.AlertsTest.TC_031(AlertsTest.java:38)
	at java.base/jdk.internal.reflect.NativeMethodAccessorImpl.invoke0(Native Method)
	at java.base/jdk.internal.reflect.NativeMethodAccessorImpl.invoke(NativeMethodAccessorImpl.java:62)
	at java.base/jdk.internal.reflect.DelegatingMethodAccessorImpl.invoke(DelegatingMethodAccessorImpl.java:43)
	at java.base/java.lang.reflect.Method.invoke(Method.java:566)
	at org.testng.internal.invokers.MethodInvocationHelper.invokeMethod(MethodInvocationHelper.java:139)
	at org.testng.internal.invokers.TestInvoker.invokeMethod(TestInvoker.java:677)
	at org.testng.internal.invokers.TestInvoker.invokeTestMethod(TestInvoker.java:221)
	at org.testng.internal.invokers.MethodRunner.runInSequence(MethodRunner.java:50)
	at org.testng.internal.invokers.TestInvoker$MethodInvocationAgent.invoke(TestInvoker.java:969)
	at org.testng.internal.invokers.TestInvoker.invokeTestMethods(TestInvoker.java:194)
	at org.testng.internal.invokers.TestMethodWorker.invokeTestMethods(TestMethodWorker.java:148)
	at org.testng.internal.invokers.TestMethodWorker.run(TestMethodWorker.java:128)
	at java.base/java.util.ArrayList.forEach(ArrayList.java:1541)
	at org.testng.TestRunner.privateRun(TestRunner.java:829)
	at org.testng.TestRunner.run(TestRunner.java:602)
	at org.testng.SuiteRunner.runTest(SuiteRunner.java:437)
	at org.testng.SuiteRunner.runSequentially(SuiteRunner.java:431)
	at org.testng.SuiteRunner.privateRun(SuiteRunner.java:391)
	at org.testng.SuiteRunner.run(SuiteRunner.java:330)
	at org.testng.SuiteRunnerWorker.runSuite(SuiteRunnerWorker.java:52)
	at org.testng.SuiteRunnerWorker.run(SuiteRunnerWorker.java:95)
	at org.testng.TestNG.runSuitesSequentially(TestNG.java:1256)
	at org.testng.TestNG.runSuitesLocally(TestNG.java:1176)
	at org.testng.TestNG.runSuites(TestNG.java:1099)
	at org.testng.TestNG.run(TestNG.java:1067)
	at org.testng.remote.AbstractRemoteTestNG.run(AbstractRemoteTestNG.java:115)
	at org.testng.remote.RemoteTestNG.initAndRun(RemoteTestNG.java:293)
	at org.testng.remote.RemoteTestNG.main(RemoteTestNG.java:91)
</pre></div></td>
<td>49</td>
<td>com.aina.mobile.android.test.alerts.AlertsTest@5d5f10b2</td></tr>
<tr>
<td title='com.aina.mobile.android.test.gettingstartedpage.GettingStartedTest.TC_001()'><b>TC_001</b><br>Test class: com.aina.mobile.android.test.gettingstartedpage.GettingStartedTest<br>Test method: Navigate to 'Getting Started'page.</td>
<td><div><pre>java.lang.AssertionError: Text does not match! expected [Let’s get started] but found [Let’s get started!]
	at com.aina.mobile.android.test.gettingstartedpage.GettingStartedModule.verifyStartingPage(GettingStartedModule.java:70)
	at com.aina.mobile.android.test.gettingstartedpage.GettingStartedTest.TC_001(GettingStartedTest.java:28)
	at java.base/java.util.ArrayList.forEach(ArrayList.java:1541)
... Removed 32 stack frames</pre></div><a href='#' onClick='toggleBox("stack-trace671959170", this, "Click to show all stack frames", "Click to hide stack frames")'>Click to show all stack frames</a>
<div class='stack-trace' id='stack-trace671959170'><pre>java.lang.AssertionError: Text does not match! expected [Let’s get started] but found [Let’s get started!]
	at org.testng.Assert.fail(Assert.java:110)
	at org.testng.Assert.failNotEquals(Assert.java:1577)
	at org.testng.Assert.assertEqualsImpl(Assert.java:149)
	at org.testng.Assert.assertEquals(Assert.java:131)
	at org.testng.Assert.assertEquals(Assert.java:655)
	at com.aina.mobile.android.test.gettingstartedpage.GettingStartedModule.verifyStartingPage(GettingStartedModule.java:70)
	at com.aina.mobile.android.test.gettingstartedpage.GettingStartedTest.TC_001(GettingStartedTest.java:28)
	at java.base/jdk.internal.reflect.NativeMethodAccessorImpl.invoke0(Native Method)
	at java.base/jdk.internal.reflect.NativeMethodAccessorImpl.invoke(NativeMethodAccessorImpl.java:62)
	at java.base/jdk.internal.reflect.DelegatingMethodAccessorImpl.invoke(DelegatingMethodAccessorImpl.java:43)
	at java.base/java.lang.reflect.Method.invoke(Method.java:566)
	at org.testng.internal.invokers.MethodInvocationHelper.invokeMethod(MethodInvocationHelper.java:139)
	at org.testng.internal.invokers.TestInvoker.invokeMethod(TestInvoker.java:677)
	at org.testng.internal.invokers.TestInvoker.invokeTestMethod(TestInvoker.java:221)
	at org.testng.internal.invokers.MethodRunner.runInSequence(MethodRunner.java:50)
	at org.testng.internal.invokers.TestInvoker$MethodInvocationAgent.invoke(TestInvoker.java:969)
	at org.testng.internal.invokers.TestInvoker.invokeTestMethods(TestInvoker.java:194)
	at org.testng.internal.invokers.TestMethodWorker.invokeTestMethods(TestMethodWorker.java:148)
	at org.testng.internal.invokers.TestMethodWorker.run(TestMethodWorker.java:128)
	at java.base/java.util.ArrayList.forEach(ArrayList.java:1541)
	at org.testng.TestRunner.privateRun(TestRunner.java:829)
	at org.testng.TestRunner.run(TestRunner.java:602)
	at org.testng.SuiteRunner.runTest(SuiteRunner.java:437)
	at org.testng.SuiteRunner.runSequentially(SuiteRunner.java:431)
	at org.testng.SuiteRunner.privateRun(SuiteRunner.java:391)
	at org.testng.SuiteRunner.run(SuiteRunner.java:330)
	at org.testng.SuiteRunnerWorker.runSuite(SuiteRunnerWorker.java:52)
	at org.testng.SuiteRunnerWorker.run(SuiteRunnerWorker.java:95)
	at org.testng.TestNG.runSuitesSequentially(TestNG.java:1256)
	at org.testng.TestNG.runSuitesLocally(TestNG.java:1176)
	at org.testng.TestNG.runSuites(TestNG.java:1099)
	at org.testng.TestNG.run(TestNG.java:1067)
	at org.testng.remote.AbstractRemoteTestNG.run(AbstractRemoteTestNG.java:115)
	at org.testng.remote.RemoteTestNG.initAndRun(RemoteTestNG.java:293)
	at org.testng.remote.RemoteTestNG.main(RemoteTestNG.java:91)
</pre></div></td>
<td>2</td>
<td>com.aina.mobile.android.test.gettingstartedpage.GettingStartedTest@35f26e72</td></tr>
<tr>
<td title='com.aina.mobile.android.test.alerts.AlertsTest.TC_033()'><b>TC_033</b><br>Test class: com.aina.mobile.android.test.alerts.AlertsTest<br>Test method: Validating OK from No internet Alert.</td>
<td><div><pre>org.openqa.selenium.NoSuchElementException: An element could not be located on the page using the given search parameters.
For documentation on this error, please visit: https://selenium.dev/exceptions/#no_such_element
Build info: version: &apos;4.8.1&apos;, revision: &apos;8ebccac989&apos;
System info: os.name: &apos;Windows 10&apos;, os.arch: &apos;amd64&apos;, os.version: &apos;10.0&apos;, java.version: &apos;11.0.22&apos;
Driver info: io.appium.java_client.android.AndroidDriver
Command: [63b09be2-336a-43e9-b70d-a8c9f7dcee6f, findElement {using=id, value=com.janacare.ainab:id/active_button}]
Capabilities {appium:app: C:\Users\Admin\Downloads\Ai..., appium:appPackage: com.janacare.ainab, appium:appium: http://0.0.0.0:4723/wd/hub, appium:autoGrantPermissions: true, appium:clearDeviceLogsOnStart: true, appium:databaseEnabled: false, appium:desired: {app: C:\Users\Admin\Downloads\Ai..., appium: http://0.0.0.0:4723/wd/hub, autoGrantPermissions: true, clearDeviceLogsOnStart: true, deviceName: RZCWA232H2F, newCommandTimeout: 300, platformName: android, platformVersion: 14, resetKeyboard: true, skipDeviceInitialization: true}, appium:deviceApiLevel: 34, appium:deviceManufacturer: samsung, appium:deviceModel: SM-M346B, appium:deviceName: RZCWA232H2F, appium:deviceScreenDensity: 450, appium:deviceScreenSize: 1080x2340, appium:deviceUDID: RZCWA232H2F, appium:javascriptEnabled: true, appium:locationContextEnabled: false, appium:networkConnectionEnabled: true, appium:newCommandTimeout: 300, appium:pixelRatio: 2.8125, appium:platformVersion: 14, appium:resetKeyboard: true, appium:skipDeviceInitialization: true, appium:statBarHeight: 77, appium:takesScreenshot: true, appium:viewportRect: {height: 2051, left: 0, top: 77, width: 1080}, appium:warnings: {}, appium:webStorageEnabled: false, platformName: ANDROID}
Session ID: 63b09be2-336a-43e9-b70d-a8c9f7dcee6f
	at org.openqa.selenium.remote.codec.w3c.W3CHttpResponseCodec.createException(W3CHttpResponseCodec.java:200)
	at org.openqa.selenium.remote.codec.w3c.W3CHttpResponseCodec.decode(W3CHttpResponseCodec.java:133)
	at org.openqa.selenium.remote.codec.w3c.W3CHttpResponseCodec.decode(W3CHttpResponseCodec.java:53)
	at org.openqa.selenium.remote.HttpCommandExecutor.execute(HttpCommandExecutor.java:184)
	at io.appium.java_client.remote.AppiumCommandExecutor.execute(AppiumCommandExecutor.java:262)
	at org.openqa.selenium.remote.RemoteWebDriver.execute(RemoteWebDriver.java:543)
	at org.openqa.selenium.remote.ElementLocation$ElementFinder$2.findElement(ElementLocation.java:162)
	at org.openqa.selenium.remote.ElementLocation.findElement(ElementLocation.java:60)
	at org.openqa.selenium.remote.RemoteWebDriver.findElement(RemoteWebDriver.java:352)
	at org.openqa.selenium.remote.RemoteWebDriver.findElement(RemoteWebDriver.java:344)
	at org.openqa.selenium.support.pagefactory.DefaultElementLocator.findElement(DefaultElementLocator.java:70)
	at org.openqa.selenium.support.pagefactory.internal.LocatingElementHandler.invoke(LocatingElementHandler.java:39)
	at com.sun.proxy.$Proxy20.click(Unknown Source)
	at com.aina.mobile.android.test.permissions.PermissionModule.clickStartButton(PermissionModule.java:188)
	at com.aina.mobile.android.test.alerts.AlertsTest.TC_033(AlertsTest.java:72)
	at java.base/java.util.ArrayList.forEach(ArrayList.java:1541)
... Removed 31 stack frames</pre></div><a href='#' onClick='toggleBox("stack-trace476234749", this, "Click to show all stack frames", "Click to hide stack frames")'>Click to show all stack frames</a>
<div class='stack-trace' id='stack-trace476234749'><pre>org.openqa.selenium.NoSuchElementException: An element could not be located on the page using the given search parameters.
For documentation on this error, please visit: https://selenium.dev/exceptions/#no_such_element
Build info: version: &apos;4.8.1&apos;, revision: &apos;8ebccac989&apos;
System info: os.name: &apos;Windows 10&apos;, os.arch: &apos;amd64&apos;, os.version: &apos;10.0&apos;, java.version: &apos;11.0.22&apos;
Driver info: io.appium.java_client.android.AndroidDriver
Command: [63b09be2-336a-43e9-b70d-a8c9f7dcee6f, findElement {using=id, value=com.janacare.ainab:id/active_button}]
Capabilities {appium:app: C:\Users\Admin\Downloads\Ai..., appium:appPackage: com.janacare.ainab, appium:appium: http://0.0.0.0:4723/wd/hub, appium:autoGrantPermissions: true, appium:clearDeviceLogsOnStart: true, appium:databaseEnabled: false, appium:desired: {app: C:\Users\Admin\Downloads\Ai..., appium: http://0.0.0.0:4723/wd/hub, autoGrantPermissions: true, clearDeviceLogsOnStart: true, deviceName: RZCWA232H2F, newCommandTimeout: 300, platformName: android, platformVersion: 14, resetKeyboard: true, skipDeviceInitialization: true}, appium:deviceApiLevel: 34, appium:deviceManufacturer: samsung, appium:deviceModel: SM-M346B, appium:deviceName: RZCWA232H2F, appium:deviceScreenDensity: 450, appium:deviceScreenSize: 1080x2340, appium:deviceUDID: RZCWA232H2F, appium:javascriptEnabled: true, appium:locationContextEnabled: false, appium:networkConnectionEnabled: true, appium:newCommandTimeout: 300, appium:pixelRatio: 2.8125, appium:platformVersion: 14, appium:resetKeyboard: true, appium:skipDeviceInitialization: true, appium:statBarHeight: 77, appium:takesScreenshot: true, appium:viewportRect: {height: 2051, left: 0, top: 77, width: 1080}, appium:warnings: {}, appium:webStorageEnabled: false, platformName: ANDROID}
Session ID: 63b09be2-336a-43e9-b70d-a8c9f7dcee6f
	at java.base/jdk.internal.reflect.NativeConstructorAccessorImpl.newInstance0(Native Method)
	at java.base/jdk.internal.reflect.NativeConstructorAccessorImpl.newInstance(NativeConstructorAccessorImpl.java:62)
	at java.base/jdk.internal.reflect.DelegatingConstructorAccessorImpl.newInstance(DelegatingConstructorAccessorImpl.java:45)
	at java.base/java.lang.reflect.Constructor.newInstance(Constructor.java:490)
	at org.openqa.selenium.remote.codec.w3c.W3CHttpResponseCodec.createException(W3CHttpResponseCodec.java:200)
	at org.openqa.selenium.remote.codec.w3c.W3CHttpResponseCodec.decode(W3CHttpResponseCodec.java:133)
	at org.openqa.selenium.remote.codec.w3c.W3CHttpResponseCodec.decode(W3CHttpResponseCodec.java:53)
	at org.openqa.selenium.remote.HttpCommandExecutor.execute(HttpCommandExecutor.java:184)
	at io.appium.java_client.remote.AppiumCommandExecutor.execute(AppiumCommandExecutor.java:262)
	at org.openqa.selenium.remote.RemoteWebDriver.execute(RemoteWebDriver.java:543)
	at org.openqa.selenium.remote.ElementLocation$ElementFinder$2.findElement(ElementLocation.java:162)
	at org.openqa.selenium.remote.ElementLocation.findElement(ElementLocation.java:60)
	at org.openqa.selenium.remote.RemoteWebDriver.findElement(RemoteWebDriver.java:352)
	at org.openqa.selenium.remote.RemoteWebDriver.findElement(RemoteWebDriver.java:344)
	at org.openqa.selenium.support.pagefactory.DefaultElementLocator.findElement(DefaultElementLocator.java:70)
	at org.openqa.selenium.support.pagefactory.internal.LocatingElementHandler.invoke(LocatingElementHandler.java:39)
	at com.sun.proxy.$Proxy20.click(Unknown Source)
	at com.aina.mobile.android.test.permissions.PermissionModule.clickStartButton(PermissionModule.java:188)
	at com.aina.mobile.android.test.alerts.AlertsTest.TC_033(AlertsTest.java:72)
	at java.base/jdk.internal.reflect.NativeMethodAccessorImpl.invoke0(Native Method)
	at java.base/jdk.internal.reflect.NativeMethodAccessorImpl.invoke(NativeMethodAccessorImpl.java:62)
	at java.base/jdk.internal.reflect.DelegatingMethodAccessorImpl.invoke(DelegatingMethodAccessorImpl.java:43)
	at java.base/java.lang.reflect.Method.invoke(Method.java:566)
	at org.testng.internal.invokers.MethodInvocationHelper.invokeMethod(MethodInvocationHelper.java:139)
	at org.testng.internal.invokers.TestInvoker.invokeMethod(TestInvoker.java:677)
	at org.testng.internal.invokers.TestInvoker.invokeTestMethod(TestInvoker.java:221)
	at org.testng.internal.invokers.MethodRunner.runInSequence(MethodRunner.java:50)
	at org.testng.internal.invokers.TestInvoker$MethodInvocationAgent.invoke(TestInvoker.java:969)
	at org.testng.internal.invokers.TestInvoker.invokeTestMethods(TestInvoker.java:194)
	at org.testng.internal.invokers.TestMethodWorker.invokeTestMethods(TestMethodWorker.java:148)
	at org.testng.internal.invokers.TestMethodWorker.run(TestMethodWorker.java:128)
	at java.base/java.util.ArrayList.forEach(ArrayList.java:1541)
	at org.testng.TestRunner.privateRun(TestRunner.java:829)
	at org.testng.TestRunner.run(TestRunner.java:602)
	at org.testng.SuiteRunner.runTest(SuiteRunner.java:437)
	at org.testng.SuiteRunner.runSequentially(SuiteRunner.java:431)
	at org.testng.SuiteRunner.privateRun(SuiteRunner.java:391)
	at org.testng.SuiteRunner.run(SuiteRunner.java:330)
	at org.testng.SuiteRunnerWorker.runSuite(SuiteRunnerWorker.java:52)
	at org.testng.SuiteRunnerWorker.run(SuiteRunnerWorker.java:95)
	at org.testng.TestNG.runSuitesSequentially(TestNG.java:1256)
	at org.testng.TestNG.runSuitesLocally(TestNG.java:1176)
	at org.testng.TestNG.runSuites(TestNG.java:1099)
	at org.testng.TestNG.run(TestNG.java:1067)
	at org.testng.remote.AbstractRemoteTestNG.run(AbstractRemoteTestNG.java:115)
	at org.testng.remote.RemoteTestNG.initAndRun(RemoteTestNG.java:293)
	at org.testng.remote.RemoteTestNG.main(RemoteTestNG.java:91)
</pre></div></td>
<td>68</td>
<td>com.aina.mobile.android.test.alerts.AlertsTest@5d5f10b2</td></tr>
<tr>
<td title='com.aina.mobile.android.test.placetube.PlaceTubeTest.TC_058()'><b>TC_058</b><br>Test class: com.aina.mobile.android.test.placetube.PlaceTubeTest<br>Test method: Navigate to 'get ready for testing'page</td>
<td><div><pre>org.openqa.selenium.NoSuchElementException: An element could not be located on the page using the given search parameters.
For documentation on this error, please visit: https://selenium.dev/exceptions/#no_such_element
Build info: version: &apos;4.8.1&apos;, revision: &apos;8ebccac989&apos;
System info: os.name: &apos;Windows 10&apos;, os.arch: &apos;amd64&apos;, os.version: &apos;10.0&apos;, java.version: &apos;11.0.22&apos;
Driver info: io.appium.java_client.android.AndroidDriver
Command: [63b09be2-336a-43e9-b70d-a8c9f7dcee6f, findElement {using=xpath, value=//*[@resource-id=&apos;com.janacare.ainab:id/active_button&apos;]}]
Capabilities {appium:app: C:\Users\Admin\Downloads\Ai..., appium:appPackage: com.janacare.ainab, appium:appium: http://0.0.0.0:4723/wd/hub, appium:autoGrantPermissions: true, appium:clearDeviceLogsOnStart: true, appium:databaseEnabled: false, appium:desired: {app: C:\Users\Admin\Downloads\Ai..., appium: http://0.0.0.0:4723/wd/hub, autoGrantPermissions: true, clearDeviceLogsOnStart: true, deviceName: RZCWA232H2F, newCommandTimeout: 300, platformName: android, platformVersion: 14, resetKeyboard: true, skipDeviceInitialization: true}, appium:deviceApiLevel: 34, appium:deviceManufacturer: samsung, appium:deviceModel: SM-M346B, appium:deviceName: RZCWA232H2F, appium:deviceScreenDensity: 450, appium:deviceScreenSize: 1080x2340, appium:deviceUDID: RZCWA232H2F, appium:javascriptEnabled: true, appium:locationContextEnabled: false, appium:networkConnectionEnabled: true, appium:newCommandTimeout: 300, appium:pixelRatio: 2.8125, appium:platformVersion: 14, appium:resetKeyboard: true, appium:skipDeviceInitialization: true, appium:statBarHeight: 77, appium:takesScreenshot: true, appium:viewportRect: {height: 2051, left: 0, top: 77, width: 1080}, appium:warnings: {}, appium:webStorageEnabled: false, platformName: ANDROID}
Session ID: 63b09be2-336a-43e9-b70d-a8c9f7dcee6f
	at org.openqa.selenium.remote.codec.w3c.W3CHttpResponseCodec.createException(W3CHttpResponseCodec.java:200)
	at org.openqa.selenium.remote.codec.w3c.W3CHttpResponseCodec.decode(W3CHttpResponseCodec.java:133)
	at org.openqa.selenium.remote.codec.w3c.W3CHttpResponseCodec.decode(W3CHttpResponseCodec.java:53)
	at org.openqa.selenium.remote.HttpCommandExecutor.execute(HttpCommandExecutor.java:184)
	at io.appium.java_client.remote.AppiumCommandExecutor.execute(AppiumCommandExecutor.java:262)
	at org.openqa.selenium.remote.RemoteWebDriver.execute(RemoteWebDriver.java:543)
	at org.openqa.selenium.remote.ElementLocation$ElementFinder$2.findElement(ElementLocation.java:162)
	at org.openqa.selenium.remote.ElementLocation.findElement(ElementLocation.java:60)
	at org.openqa.selenium.remote.RemoteWebDriver.findElement(RemoteWebDriver.java:352)
	at org.openqa.selenium.remote.RemoteWebDriver.findElement(RemoteWebDriver.java:344)
	at org.openqa.selenium.support.pagefactory.DefaultElementLocator.findElement(DefaultElementLocator.java:70)
	at org.openqa.selenium.support.pagefactory.internal.LocatingElementHandler.invoke(LocatingElementHandler.java:39)
	at com.sun.proxy.$Proxy20.click(Unknown Source)
	at com.aina.mobile.android.test.gettingstartedpage.GettingStartedModule.clickNext(GettingStartedModule.java:119)
	at com.aina.mobile.android.test.gettingstartedpage.GettingStartedModule.NextButton(GettingStartedModule.java:155)
	at com.aina.mobile.android.test.placetube.PlaceTubeTest.TC_058(PlaceTubeTest.java:27)
	at java.base/java.util.ArrayList.forEach(ArrayList.java:1541)
... Removed 31 stack frames</pre></div><a href='#' onClick='toggleBox("stack-trace1587279684", this, "Click to show all stack frames", "Click to hide stack frames")'>Click to show all stack frames</a>
<div class='stack-trace' id='stack-trace1587279684'><pre>org.openqa.selenium.NoSuchElementException: An element could not be located on the page using the given search parameters.
For documentation on this error, please visit: https://selenium.dev/exceptions/#no_such_element
Build info: version: &apos;4.8.1&apos;, revision: &apos;8ebccac989&apos;
System info: os.name: &apos;Windows 10&apos;, os.arch: &apos;amd64&apos;, os.version: &apos;10.0&apos;, java.version: &apos;11.0.22&apos;
Driver info: io.appium.java_client.android.AndroidDriver
Command: [63b09be2-336a-43e9-b70d-a8c9f7dcee6f, findElement {using=xpath, value=//*[@resource-id=&apos;com.janacare.ainab:id/active_button&apos;]}]
Capabilities {appium:app: C:\Users\Admin\Downloads\Ai..., appium:appPackage: com.janacare.ainab, appium:appium: http://0.0.0.0:4723/wd/hub, appium:autoGrantPermissions: true, appium:clearDeviceLogsOnStart: true, appium:databaseEnabled: false, appium:desired: {app: C:\Users\Admin\Downloads\Ai..., appium: http://0.0.0.0:4723/wd/hub, autoGrantPermissions: true, clearDeviceLogsOnStart: true, deviceName: RZCWA232H2F, newCommandTimeout: 300, platformName: android, platformVersion: 14, resetKeyboard: true, skipDeviceInitialization: true}, appium:deviceApiLevel: 34, appium:deviceManufacturer: samsung, appium:deviceModel: SM-M346B, appium:deviceName: RZCWA232H2F, appium:deviceScreenDensity: 450, appium:deviceScreenSize: 1080x2340, appium:deviceUDID: RZCWA232H2F, appium:javascriptEnabled: true, appium:locationContextEnabled: false, appium:networkConnectionEnabled: true, appium:newCommandTimeout: 300, appium:pixelRatio: 2.8125, appium:platformVersion: 14, appium:resetKeyboard: true, appium:skipDeviceInitialization: true, appium:statBarHeight: 77, appium:takesScreenshot: true, appium:viewportRect: {height: 2051, left: 0, top: 77, width: 1080}, appium:warnings: {}, appium:webStorageEnabled: false, platformName: ANDROID}
Session ID: 63b09be2-336a-43e9-b70d-a8c9f7dcee6f
	at java.base/jdk.internal.reflect.NativeConstructorAccessorImpl.newInstance0(Native Method)
	at java.base/jdk.internal.reflect.NativeConstructorAccessorImpl.newInstance(NativeConstructorAccessorImpl.java:62)
	at java.base/jdk.internal.reflect.DelegatingConstructorAccessorImpl.newInstance(DelegatingConstructorAccessorImpl.java:45)
	at java.base/java.lang.reflect.Constructor.newInstance(Constructor.java:490)
	at org.openqa.selenium.remote.codec.w3c.W3CHttpResponseCodec.createException(W3CHttpResponseCodec.java:200)
	at org.openqa.selenium.remote.codec.w3c.W3CHttpResponseCodec.decode(W3CHttpResponseCodec.java:133)
	at org.openqa.selenium.remote.codec.w3c.W3CHttpResponseCodec.decode(W3CHttpResponseCodec.java:53)
	at org.openqa.selenium.remote.HttpCommandExecutor.execute(HttpCommandExecutor.java:184)
	at io.appium.java_client.remote.AppiumCommandExecutor.execute(AppiumCommandExecutor.java:262)
	at org.openqa.selenium.remote.RemoteWebDriver.execute(RemoteWebDriver.java:543)
	at org.openqa.selenium.remote.ElementLocation$ElementFinder$2.findElement(ElementLocation.java:162)
	at org.openqa.selenium.remote.ElementLocation.findElement(ElementLocation.java:60)
	at org.openqa.selenium.remote.RemoteWebDriver.findElement(RemoteWebDriver.java:352)
	at org.openqa.selenium.remote.RemoteWebDriver.findElement(RemoteWebDriver.java:344)
	at org.openqa.selenium.support.pagefactory.DefaultElementLocator.findElement(DefaultElementLocator.java:70)
	at org.openqa.selenium.support.pagefactory.internal.LocatingElementHandler.invoke(LocatingElementHandler.java:39)
	at com.sun.proxy.$Proxy20.click(Unknown Source)
	at com.aina.mobile.android.test.gettingstartedpage.GettingStartedModule.clickNext(GettingStartedModule.java:119)
	at com.aina.mobile.android.test.gettingstartedpage.GettingStartedModule.NextButton(GettingStartedModule.java:155)
	at com.aina.mobile.android.test.placetube.PlaceTubeTest.TC_058(PlaceTubeTest.java:27)
	at java.base/jdk.internal.reflect.NativeMethodAccessorImpl.invoke0(Native Method)
	at java.base/jdk.internal.reflect.NativeMethodAccessorImpl.invoke(NativeMethodAccessorImpl.java:62)
	at java.base/jdk.internal.reflect.DelegatingMethodAccessorImpl.invoke(DelegatingMethodAccessorImpl.java:43)
	at java.base/java.lang.reflect.Method.invoke(Method.java:566)
	at org.testng.internal.invokers.MethodInvocationHelper.invokeMethod(MethodInvocationHelper.java:139)
	at org.testng.internal.invokers.TestInvoker.invokeMethod(TestInvoker.java:677)
	at org.testng.internal.invokers.TestInvoker.invokeTestMethod(TestInvoker.java:221)
	at org.testng.internal.invokers.MethodRunner.runInSequence(MethodRunner.java:50)
	at org.testng.internal.invokers.TestInvoker$MethodInvocationAgent.invoke(TestInvoker.java:969)
	at org.testng.internal.invokers.TestInvoker.invokeTestMethods(TestInvoker.java:194)
	at org.testng.internal.invokers.TestMethodWorker.invokeTestMethods(TestMethodWorker.java:148)
	at org.testng.internal.invokers.TestMethodWorker.run(TestMethodWorker.java:128)
	at java.base/java.util.ArrayList.forEach(ArrayList.java:1541)
	at org.testng.TestRunner.privateRun(TestRunner.java:829)
	at org.testng.TestRunner.run(TestRunner.java:602)
	at org.testng.SuiteRunner.runTest(SuiteRunner.java:437)
	at org.testng.SuiteRunner.runSequentially(SuiteRunner.java:431)
	at org.testng.SuiteRunner.privateRun(SuiteRunner.java:391)
	at org.testng.SuiteRunner.run(SuiteRunner.java:330)
	at org.testng.SuiteRunnerWorker.runSuite(SuiteRunnerWorker.java:52)
	at org.testng.SuiteRunnerWorker.run(SuiteRunnerWorker.java:95)
	at org.testng.TestNG.runSuitesSequentially(TestNG.java:1256)
	at org.testng.TestNG.runSuitesLocally(TestNG.java:1176)
	at org.testng.TestNG.runSuites(TestNG.java:1099)
	at org.testng.TestNG.run(TestNG.java:1067)
	at org.testng.remote.AbstractRemoteTestNG.run(AbstractRemoteTestNG.java:115)
	at org.testng.remote.RemoteTestNG.initAndRun(RemoteTestNG.java:293)
	at org.testng.remote.RemoteTestNG.main(RemoteTestNG.java:91)
</pre></div></td>
<td>42</td>
<td>com.aina.mobile.android.test.placetube.PlaceTubeTest@74c79fa2</td></tr>
</table><p>
<table width='100%' border='1' class='invocation-passed'>
<tr><td colspan='4' align='center'><b>PASSED TESTS</b></td></tr>
<tr><td><b>Test method</b></td>
<td><b>Attribute(s)</b></td>
<td width="30%"><b>Exception</b></td>
<td width="10%"><b>Time (seconds)</b></td>
<td><b>Instance</b></td>
</tr>
<tr>
<td title='com.aina.mobile.android.test.permissions.PermissionTest.TC_016()'><b>TC_016</b><br>Test class: com.aina.mobile.android.test.permissions.PermissionTest<br>Test method: Validating UI and defaults Permission pop-up.</td>
<td></td>
<td>21</td>
<td>com.aina.mobile.android.test.permissions.PermissionTest@5023bb8b</td></tr>
<tr>
<td title='com.aina.mobile.android.test.collectapplysample.CollectAndApplySampleTest.TC_087()'><b>TC_087</b><br>Test class: com.aina.mobile.android.test.collectapplysample.CollectAndApplySampleTest<br>Test method: Navigate to 'Collect sample' page UI vlidation and its defaults </td>
<td></td>
<td>102</td>
<td>com.aina.mobile.android.test.collectapplysample.CollectAndApplySampleTest@53bd8fca</td></tr>
<tr>
<td title='com.aina.mobile.android.test.placetube.PlaceTubeTest.TC_060()'><b>TC_060</b><br>Test class: com.aina.mobile.android.test.placetube.PlaceTubeTest<br>Test method:  validation of 'Back' button from 'Get ready for testing' page.</td>
<td></td>
<td>21</td>
<td>com.aina.mobile.android.test.placetube.PlaceTubeTest@74c79fa2</td></tr>
<tr>
<td title='com.aina.mobile.android.test.gettingstartedpage.GettingStartedTest.TC_004()'><b>TC_004</b><br>Test class: com.aina.mobile.android.test.gettingstartedpage.GettingStartedTest<br>Test method: UI and its default validation Navigate to 'Prepare for Testing' page.</td>
<td></td>
<td>6</td>
<td>com.aina.mobile.android.test.gettingstartedpage.GettingStartedTest@35f26e72</td></tr>
<tr>
<td title='com.aina.mobile.android.test.gettingstartedpage.GettingStartedTest.TC_011()'><b>TC_011</b><br>Test class: com.aina.mobile.android.test.gettingstartedpage.GettingStartedTest<br>Test method: Navigate to 'Power on your device'page.</td>
<td></td>
<td>7</td>
<td>com.aina.mobile.android.test.gettingstartedpage.GettingStartedTest@35f26e72</td></tr>
<tr>
<td title='com.aina.mobile.android.test.insertstrip.InsertStripTest.TC_084()'><b>TC_084</b><br>Test class: com.aina.mobile.android.test.insertstrip.InsertStripTest<br>Test method: UI and its default validation Navigate to Insert strip page.</td>
<td></td>
<td>76</td>
<td>com.aina.mobile.android.test.insertstrip.InsertStripTest@1e0f9063</td></tr>
<tr>
<td title='com.aina.mobile.android.test.collectapplysample.CollectAndApplySampleTest.TC_094()'><b>TC_094</b><br>Test class: com.aina.mobile.android.test.collectapplysample.CollectAndApplySampleTest<br>Test method: Validate  UI and defaults  'Transfer sample' page.</td>
<td></td>
<td>104</td>
<td>com.aina.mobile.android.test.collectapplysample.CollectAndApplySampleTest@53bd8fca</td></tr>
<tr>
<td title='com.aina.mobile.android.test.gettingstartedpage.GettingStartedTest.TC_006()'><b>TC_006</b><br>Test class: com.aina.mobile.android.test.gettingstartedpage.GettingStartedTest<br>Test method: Validating 'Enable NFC' pop-up.</td>
<td></td>
<td>12</td>
<td>com.aina.mobile.android.test.gettingstartedpage.GettingStartedTest@35f26e72</td></tr>
<tr>
<td title='com.aina.mobile.android.test.permissions.PermissionTest.TC_021()'><b>TC_021</b><br>Test class: com.aina.mobile.android.test.permissions.PermissionTest<br>Test method: Camera permission for scaning QR code.</td>
<td></td>
<td>32</td>
<td>com.aina.mobile.android.test.permissions.PermissionTest@5023bb8b</td></tr>
<tr>
<td title='com.aina.mobile.android.test.insertstrip.InsertStripTest.TC_083()'><b>TC_083</b><br>Test class: com.aina.mobile.android.test.insertstrip.InsertStripTest<br>Test method: Validate Close button from Insert strip page.</td>
<td></td>
<td>83</td>
<td>com.aina.mobile.android.test.insertstrip.InsertStripTest@1e0f9063</td></tr>
<tr>
<td title='com.aina.mobile.android.test.gettingstartedpage.GettingStartedTest.TC_009()'><b>TC_009</b><br>Test class: com.aina.mobile.android.test.gettingstartedpage.GettingStartedTest<br>Test method: Navigate to 'Power on your device' page by denying NFC permission.</td>
<td></td>
<td>12</td>
<td>com.aina.mobile.android.test.gettingstartedpage.GettingStartedTest@35f26e72</td></tr>
<tr>
<td title='com.aina.mobile.android.test.permissions.PermissionTest.TC_020()'><b>TC_020</b><br>Test class: com.aina.mobile.android.test.permissions.PermissionTest<br>Test method: Allowing the bluetooth permission pop-up.</td>
<td></td>
<td>17</td>
<td>com.aina.mobile.android.test.permissions.PermissionTest@5023bb8b</td></tr>
<tr>
<td title='com.aina.mobile.android.test.permissions.PermissionTest.TC_024()'><b>TC_024</b><br>Test class: com.aina.mobile.android.test.permissions.PermissionTest<br>Test method: Validating camera permission 'Don't allow' option.</td>
<td></td>
<td>30</td>
<td>com.aina.mobile.android.test.permissions.PermissionTest@5023bb8b</td></tr>
<tr>
<td title='com.aina.mobile.android.test.placetube.PlaceTubeTest.TC_067()'><b>TC_067</b><br>Test class: com.aina.mobile.android.test.placetube.PlaceTubeTest<br>Test method: Validate 'Close' button from Place tube page.</td>
<td></td>
<td>37</td>
<td>com.aina.mobile.android.test.placetube.PlaceTubeTest@74c79fa2</td></tr>
<tr>
<td title='com.aina.mobile.android.test.collectapplysample.CollectAndApplySampleTest.TC_093()'><b>TC_093</b><br>Test class: com.aina.mobile.android.test.collectapplysample.CollectAndApplySampleTest<br>Test method: Navigate to Transfer sample page Scan the  BNP test QR code via Bluetooth.</td>
<td></td>
<td>127</td>
<td>com.aina.mobile.android.test.collectapplysample.CollectAndApplySampleTest@53bd8fca</td></tr>
<tr>
<td title='com.aina.mobile.android.test.gettingstartedpage.GettingStartedTest.TC_005()'><b>TC_005</b><br>Test class: com.aina.mobile.android.test.gettingstartedpage.GettingStartedTest<br>Test method: Navigate to 'Cancel test' from 'Prepare for Testing' page.</td>
<td></td>
<td>7</td>
<td>com.aina.mobile.android.test.gettingstartedpage.GettingStartedTest@35f26e72</td></tr>
<tr>
<td title='com.aina.mobile.android.test.analyzing.AnalyzingTest.TC_102()'><b>TC_102</b><br>Test class: com.aina.mobile.android.test.analyzing.AnalyzingTest<br>Test method: Navigate to 'Analyzing' page Scan the test QR code</td>
<td></td>
<td>112</td>
<td>com.aina.mobile.android.test.analyzing.AnalyzingTest@7642df8f</td></tr>
<tr>
<td title='com.aina.mobile.android.test.permissions.PermissionTest.TC_017()'><b>TC_017</b><br>Test class: com.aina.mobile.android.test.permissions.PermissionTest<br>Test method: Validating Bluetooth permission pop-up.</td>
<td></td>
<td>16</td>
<td>com.aina.mobile.android.test.permissions.PermissionTest@5023bb8b</td></tr>
<tr>
<td title='com.aina.mobile.android.test.insertstrip.InsertStripTest.TC_076()'><b>TC_076</b><br>Test class: com.aina.mobile.android.test.insertstrip.InsertStripTest<br>Test method: UI and its default validation Navigate to Insert strip page.</td>
<td></td>
<td>44</td>
<td>com.aina.mobile.android.test.insertstrip.InsertStripTest@1e0f9063</td></tr>
<tr>
<td title='com.aina.mobile.android.test.collectapplysample.CollectAndApplySampleTest.TC_086()'><b>TC_086</b><br>Test class: com.aina.mobile.android.test.collectapplysample.CollectAndApplySampleTest<br>Test method: Validate 'Close' button from 'Collect sample' page.</td>
<td></td>
<td>68</td>
<td>com.aina.mobile.android.test.collectapplysample.CollectAndApplySampleTest@53bd8fca</td></tr>
<tr>
<td title='com.aina.mobile.android.test.analyzing.AnalyzingTest.TC_110()'><b>TC_110</b><br>Test class: com.aina.mobile.android.test.analyzing.AnalyzingTest<br>Test method: Validate the 'Close' button from the Analyzing page.</td>
<td></td>
<td>131</td>
<td>com.aina.mobile.android.test.analyzing.AnalyzingTest@7642df8f</td></tr>
<tr>
<td title='com.aina.mobile.android.test.gettingstartedpage.GettingStartedTest.TC_003()'><b>TC_003</b><br>Test class: com.aina.mobile.android.test.gettingstartedpage.GettingStartedTest<br>Test method: Navigate to 'Prepare for Testing' page.</td>
<td></td>
<td>4</td>
<td>com.aina.mobile.android.test.gettingstartedpage.GettingStartedTest@35f26e72</td></tr>
<tr>
<td title='com.aina.mobile.android.test.insertstrip.InsertStripTest.TC_069()'><b>TC_069</b><br>Test class: com.aina.mobile.android.test.insertstrip.InsertStripTest<br>Test method: Navigate to Insert strip page Scan the  BNP test QR code.</td>
<td></td>
<td>44</td>
<td>com.aina.mobile.android.test.insertstrip.InsertStripTest@1e0f9063</td></tr>
<tr>
<td title='com.aina.mobile.android.test.collectapplysample.CollectAndApplySampleTest.TC_100()'><b>TC_100</b><br>Test class: com.aina.mobile.android.test.collectapplysample.CollectAndApplySampleTest<br>Test method: Validate 'Close' button form the Transfer sample page.</td>
<td></td>
<td>102</td>
<td>com.aina.mobile.android.test.collectapplysample.CollectAndApplySampleTest@53bd8fca</td></tr>
<tr>
<td title='com.aina.mobile.android.test.gettingstartedpage.GettingStartedTest.TC_008()'><b>TC_008</b><br>Test class: com.aina.mobile.android.test.gettingstartedpage.GettingStartedTest<br>Test method: Navigate to settings for NFC permission.</td>
<td></td>
<td>13</td>
<td>com.aina.mobile.android.test.gettingstartedpage.GettingStartedTest@35f26e72</td></tr>
<tr>
<td title='com.aina.mobile.android.test.permissions.PermissionTest.TC_013()'><b>TC_013</b><br>Test class: com.aina.mobile.android.test.permissions.PermissionTest<br>Test method: Validating Relative position of near by devices? pop-up.</td>
<td></td>
<td>14</td>
<td>com.aina.mobile.android.test.permissions.PermissionTest@5023bb8b</td></tr>
<tr>
<td title='com.aina.mobile.android.test.gettingstartedpage.GettingStartedTest.TC_012()'><b>TC_012</b><br>Test class: com.aina.mobile.android.test.gettingstartedpage.GettingStartedTest<br>Test method: Navigate to 'Power on your device' page.</td>
<td></td>
<td>5</td>
<td>com.aina.mobile.android.test.gettingstartedpage.GettingStartedTest@35f26e72</td></tr>
<tr>
<td title='com.aina.mobile.android.test.permissions.PermissionTest.TC_015()'><b>TC_015</b><br>Test class: com.aina.mobile.android.test.permissions.PermissionTest<br>Test method: Navigating to Permission pop-up.</td>
<td></td>
<td>17</td>
<td>com.aina.mobile.android.test.permissions.PermissionTest@5023bb8b</td></tr>
<tr>
<td title='com.aina.mobile.android.test.permissions.PermissionTest.TC_023()'><b>TC_023</b><br>Test class: com.aina.mobile.android.test.permissions.PermissionTest<br>Test method: Validating camera permission 'While using the app' option.</td>
<td></td>
<td>29</td>
<td>com.aina.mobile.android.test.permissions.PermissionTest@5023bb8b</td></tr>
<tr>
<td title='com.aina.mobile.android.test.gettingstartedpage.GettingStartedTest.TC_007()'><b>TC_007</b><br>Test class: com.aina.mobile.android.test.gettingstartedpage.GettingStartedTest<br>Test method: UI validations for NFC permission.</td>
<td></td>
<td>16</td>
<td>com.aina.mobile.android.test.gettingstartedpage.GettingStartedTest@35f26e72</td></tr>
<tr>
<td title='com.aina.mobile.android.test.permissions.PermissionTest.TC_019()'><b>TC_019</b><br>Test class: com.aina.mobile.android.test.permissions.PermissionTest<br>Test method: Denying the bluetooth permission pop-up.</td>
<td></td>
<td>17</td>
<td>com.aina.mobile.android.test.permissions.PermissionTest@5023bb8b</td></tr>
<tr>
<td title='com.aina.mobile.android.test.permissions.PermissionTest.TC_018()'><b>TC_018</b><br>Test class: com.aina.mobile.android.test.permissions.PermissionTest<br>Test method: Validating UI and defaults  'Bluetooth permission' pop-up.</td>
<td></td>
<td>18</td>
<td>com.aina.mobile.android.test.permissions.PermissionTest@5023bb8b</td></tr>
<tr>
<td title='com.aina.mobile.android.test.placetube.PlaceTubeTest.TC_068()'><b>TC_068</b><br>Test class: com.aina.mobile.android.test.placetube.PlaceTubeTest<br>Test method: UI and its default validation Navigate to 'Place tube' page.</td>
<td></td>
<td>48</td>
<td>com.aina.mobile.android.test.placetube.PlaceTubeTest@74c79fa2</td></tr>
<tr>
<td title='com.aina.mobile.android.test.collectapplysample.CollectAndApplySampleTest.TC_085()'><b>TC_085</b><br>Test class: com.aina.mobile.android.test.collectapplysample.CollectAndApplySampleTest<br>Test method: Navigate to 'Collect sample' page Scan the  test QR code.</td>
<td></td>
<td>73</td>
<td>com.aina.mobile.android.test.collectapplysample.CollectAndApplySampleTest@53bd8fca</td></tr>
<tr>
<td title='com.aina.mobile.android.test.alerts.AlertsTest.TC_032()'><b>TC_032</b><br>Test class: com.aina.mobile.android.test.alerts.AlertsTest<br>Test method: Validating 'No internet' Alert from the 'QR code scan' page.</td>
<td></td>
<td>56</td>
<td>com.aina.mobile.android.test.alerts.AlertsTest@5d5f10b2</td></tr>
<tr>
<td title='com.aina.mobile.android.test.placetube.PlaceTubeTest.TC_061()'><b>TC_061</b><br>Test class: com.aina.mobile.android.test.placetube.PlaceTubeTest<br>Test method: Navigate to Place tube page Scan the  BNP test QR code.</td>
<td></td>
<td>67</td>
<td>com.aina.mobile.android.test.placetube.PlaceTubeTest@74c79fa2</td></tr>
<tr>
<td title='com.aina.mobile.android.test.insertstrip.InsertStripTest.TC_075()'><b>TC_075</b><br>Test class: com.aina.mobile.android.test.insertstrip.InsertStripTest<br>Test method: Validate Close button from Insert strip page.</td>
<td></td>
<td>37</td>
<td>com.aina.mobile.android.test.insertstrip.InsertStripTest@1e0f9063</td></tr>
<tr>
<td title='com.aina.mobile.android.test.permissions.PermissionTest.TC_014()'><b>TC_014</b><br>Test class: com.aina.mobile.android.test.permissions.PermissionTest<br>Test method: Validating UI and defaults Relative position of near by devices? pop-up.</td>
<td></td>
<td>13</td>
<td>com.aina.mobile.android.test.permissions.PermissionTest@5023bb8b</td></tr>
<tr>
<td title='com.aina.mobile.android.test.placetube.PlaceTubeTest.TC_059()'><b>TC_059</b><br>Test class: com.aina.mobile.android.test.placetube.PlaceTubeTest<br>Test method: UI and its default validation Navigate to Get ready for testing page.</td>
<td></td>
<td>17</td>
<td>com.aina.mobile.android.test.placetube.PlaceTubeTest@74c79fa2</td></tr>
</table><p>
</body>
</html>