{"uuid":"6df76efc-c719-4048-90f9-61be7fda31ad","name":"Surefire test","children":["37d5671c-ca28-4339-b265-47f2001f81c0","6d5b5b16-eacf-4c8f-8fdf-0a3ff4886445","b37059a3-8f6e-4ff0-8ec6-15248a8e522c","c8847d7b-930f-4a19-adf2-ea692aec82fb","087b3dfd-3646-4378-8f0d-7af533096d51","8932cabc-de24-474c-9340-c67ab292c09e","2f828669-506e-4374-a350-d85156164152","0ec29b99-0f23-4223-aa15-299b65c44e02","e0f3e035-5b87-4417-984c-a5f293ecc827","6919c2fc-23f6-41d1-a651-59acee4407d4","6819d411-cc7c-4323-92aa-82e3a49fdf2e","6f0b923c-0661-4fa5-8e30-f6aafe1adbf6","4d580062-9e3c-42cf-9562-8d9f3959f232","af748ed1-4376-4043-823b-d3b3fe5c7ce4","b2f8edd0-f27e-469d-8a02-78758ff15703","5ec296c0-2683-4929-a5f9-fe4d67ddd421","6b052960-63aa-4d54-9c84-5e2bbdb89b6f","ab1ac094-fffb-4b3f-9be6-8ec7dbdddbb1","f3769f8c-a660-4d24-af1f-f92c7b31613c","3e6e9cec-8ddc-4142-9599-d93aaeac8de8","b80662fb-9592-4ff8-a1b9-3efc84252191","10e514fd-be7b-4649-93fb-f665624fdf94","722c95ef-4658-4542-9558-c432a2b080ad","81ca17d8-4848-4d01-87f1-4d9bd2f391bf","0c4940c8-2e91-4815-8a4b-cbd8d2846d6a","2ff5fff5-052c-4588-89aa-63bbdb83f926","774e4c60-e790-4992-96b4-5ea4aa5ac788","372c3dee-bd83-4a1b-8e26-18aeca888fb5","da815238-3703-4eff-8601-80d7b7cdf6cb","7c863458-f4ec-4302-9067-9d72b71bee30","3b042904-8390-4947-998c-2d7b7530bdca","edf075aa-2ccb-431a-b413-832e1e2314e6","51cc3b0b-a774-48e5-ac0b-9d815f9c1317","4a208421-e749-4b5f-b139-a06585d4af7b","0331bf05-7e00-4d6d-9bf9-95d2aa83e501","dc7cc615-7e5c-409f-801a-9985bff2092a","09a35041-726a-4934-82d4-d1bed375ccc5","3f8ffd57-a893-479e-b421-627fba42fed4","127656bc-481e-4b4a-81d0-99a1e7ed9030","6a1a7d86-7c4f-418f-9489-19dff34fe576","01037f1c-3d50-4f92-a801-d2d4be87c7e2","1609e28a-8240-4c0b-9660-d8c77dcf2faa","d1caec3b-8c52-462b-944d-a8cb02122c71","8e31b3e3-a28a-475e-8243-617db29583ee","c2199e5e-1614-4cf4-8da8-3a93d9e5ca24","0be84eae-62c9-41a8-8d4d-14872eb3da06","9d270c5b-5a84-449a-ab99-6abc4fac3e77","58eae75c-6ed6-479e-9350-ecd50c60f94d"],"befores":[{"name":"driverDefinition","status":"broken","statusDetails":{"known":false,"muted":false,"flaky":false,"message":"Could not start a new session. Possible causes are invalid address of the remote server or browser start-up failure. \nHost info: host: 'PRAVEENNAIK', ip: '192.168.68.80'","trace":"org.openqa.selenium.SessionNotCreatedException: Could not start a new session. Possible causes are invalid address of the remote server or browser start-up failure. \nHost info: host: 'PRAVEENNAIK', ip: '192.168.68.80'\r\n\tat org.openqa.selenium.remote.RemoteWebDriver.execute(RemoteWebDriver.java:561)\r\n\tat io.appium.java_client.AppiumDriver.startSession(AppiumDriver.java:229)\r\n\tat org.openqa.selenium.remote.RemoteWebDriver.<init>(RemoteWebDriver.java:157)\r\n\tat io.appium.java_client.AppiumDriver.<init>(AppiumDriver.java:80)\r\n\tat io.appium.java_client.AppiumDriver.<init>(AppiumDriver.java:92)\r\n\tat io.appium.java_client.android.AndroidDriver.<init>(AndroidDriver.java:117)\r\n\tat com.mobile.test.ui.config.driver.webdriverdef.AndroidDrierDef.setWebDriver(AndroidDrierDef.java:70)\r\n\tat com.mobile.test.ui.config.webdriver.MobileDriverInitalization.getWebDriver(MobileDriverInitalization.java:33)\r\n\tat com.mobile.test.abstractpage.AbstractPageObjectMobile.driverDefinition(AbstractPageObjectMobile.java:34)\r\n\tat java.base/jdk.internal.reflect.NativeMethodAccessorImpl.invoke0(Native Method)\r\n\tat java.base/jdk.internal.reflect.NativeMethodAccessorImpl.invoke(NativeMethodAccessorImpl.java:77)\r\n\tat java.base/jdk.internal.reflect.DelegatingMethodAccessorImpl.invoke(DelegatingMethodAccessorImpl.java:43)\r\n\tat java.base/java.lang.reflect.Method.invoke(Method.java:568)\r\n\tat org.testng.internal.invokers.MethodInvocationHelper.invokeMethod(MethodInvocationHelper.java:139)\r\n\tat org.testng.internal.invokers.MethodInvocationHelper.invokeMethodConsideringTimeout(MethodInvocationHelper.java:69)\r\n\tat org.testng.internal.invokers.ConfigInvoker.invokeConfigurationMethod(ConfigInvoker.java:361)\r\n\tat org.testng.internal.invokers.ConfigInvoker.invokeConfigurations(ConfigInvoker.java:296)\r\n\tat org.testng.TestRunner.invokeTestConfigurations(TestRunner.java:644)\r\n\tat org.testng.TestRunner.beforeRun(TestRunner.java:633)\r\n\tat org.testng.TestRunner.run(TestRunner.java:595)\r\n\tat org.testng.SuiteRunner.runTest(SuiteRunner.java:437)\r\n\tat org.testng.SuiteRunner.runSequentially(SuiteRunner.java:431)\r\n\tat org.testng.SuiteRunner.privateRun(SuiteRunner.java:391)\r\n\tat org.testng.SuiteRunner.run(SuiteRunner.java:330)\r\n\tat org.testng.SuiteRunnerWorker.runSuite(SuiteRunnerWorker.java:52)\r\n\tat org.testng.SuiteRunnerWorker.run(SuiteRunnerWorker.java:95)\r\n\tat org.testng.TestNG.runSuitesSequentially(TestNG.java:1256)\r\n\tat org.testng.TestNG.runSuitesLocally(TestNG.java:1176)\r\n\tat org.testng.TestNG.runSuites(TestNG.java:1099)\r\n\tat org.testng.TestNG.run(TestNG.java:1067)\r\n\tat org.apache.maven.surefire.testng.TestNGExecutor.run(TestNGExecutor.java:155)\r\n\tat org.apache.maven.surefire.testng.TestNGDirectoryTestSuite.executeMulti(TestNGDirectoryTestSuite.java:169)\r\n\tat org.apache.maven.surefire.testng.TestNGDirectoryTestSuite.execute(TestNGDirectoryTestSuite.java:88)\r\n\tat org.apache.maven.surefire.testng.TestNGProvider.invoke(TestNGProvider.java:137)\r\n\tat org.apache.maven.surefire.booter.ForkedBooter.runSuitesInProcess(ForkedBooter.java:385)\r\n\tat org.apache.maven.surefire.booter.ForkedBooter.execute(ForkedBooter.java:162)\r\n\tat org.apache.maven.surefire.booter.ForkedBooter.run(ForkedBooter.java:507)\r\n\tat org.apache.maven.surefire.booter.ForkedBooter.main(ForkedBooter.java:495)\r\nCaused by: org.openqa.selenium.WebDriverException: Connection refused: no further information\nBuild info: version: '4.8.1', revision: '8ebccac989'\nSystem info: os.name: 'Windows 11', os.arch: 'amd64', os.version: '10.0', java.version: '17.0.12'\nDriver info: driver.version: AndroidDriver\r\n\tat io.appium.java_client.remote.AppiumCommandExecutor.lambda$execute$4(AppiumCommandExecutor.java:274)\r\n\tat java.base/java.util.Optional.orElseGet(Optional.java:364)\r\n\tat io.appium.java_client.remote.AppiumCommandExecutor.execute(AppiumCommandExecutor.java:273)\r\n\tat org.openqa.selenium.remote.RemoteWebDriver.execute(RemoteWebDriver.java:543)\r\n\t... 37 more\r\nCaused by: java.net.ConnectException: Connection refused: no further information\r\n\tat java.base/sun.nio.ch.Net.pollConnect(Native Method)\r\n\tat java.base/sun.nio.ch.Net.pollConnectNow(Net.java:672)\r\n\tat java.base/sun.nio.ch.SocketChannelImpl.finishConnect(SocketChannelImpl.java:946)\r\n\tat io.netty.channel.socket.nio.NioSocketChannel.doFinishConnect(NioSocketChannel.java:337)\r\n\tat io.netty.channel.nio.AbstractNioChannel$AbstractNioUnsafe.finishConnect(AbstractNioChannel.java:334)\r\n\tat io.netty.channel.nio.NioEventLoop.processSelectedKey(NioEventLoop.java:776)\r\n\tat io.netty.channel.nio.NioEventLoop.processSelectedKeysOptimized(NioEventLoop.java:724)\r\n\tat io.netty.channel.nio.NioEventLoop.processSelectedKeys(NioEventLoop.java:650)\r\n\tat io.netty.channel.nio.NioEventLoop.run(NioEventLoop.java:562)\r\n\tat io.netty.util.concurrent.SingleThreadEventExecutor$4.run(SingleThreadEventExecutor.java:997)\r\n\tat io.netty.util.internal.ThreadExecutorMap$2.run(ThreadExecutorMap.java:74)\r\n\tat io.netty.util.concurrent.FastThreadLocalRunnable.run(FastThreadLocalRunnable.java:30)\r\n\tat java.base/java.lang.Thread.run(Thread.java:842)\r\n"},"stage":"finished","description":"","steps":[],"attachments":[],"parameters":[],"start":1747128729175,"stop":1747128729623}],"afters":[{"name":"quitDriver","status":"broken","stage":"finished","description":"","steps":[],"attachments":[],"parameters":[],"start":1747128729791,"stop":1747128729791}],"start":1747128729150,"stop":1747128729793}