<?xml version="1.0" encoding="UTF-8"?>
<!-- Generated by org.testng.reporters.JUnitReportReporter -->
<testsuite hostname="DESKTOP-MK0GFHQ" failures="0" tests="6" name="com.aina.mobile.android.test.placetube.PlaceTubeTest" time="234.665" errors="1" timestamp="2024-06-20T16:24:16 IST" skipped="0">
  <testcase classname="com.aina.mobile.android.test.placetube.PlaceTubeTest" name="TC_060" time="21.338"/>
  <system-out/>
  <testcase classname="com.aina.mobile.android.test.placetube.PlaceTubeTest" name="TC_068" time="48.335"/>
  <system-out/>
  <testcase classname="com.aina.mobile.android.test.placetube.PlaceTubeTest" name="TC_067" time="37.564"/>
  <system-out/>
  <testcase classname="com.aina.mobile.android.test.placetube.PlaceTubeTest" name="TC_061" time="67.184"/>
  <system-out/>
  <testcase classname="com.aina.mobile.android.test.placetube.PlaceTubeTest" name="TC_059" time="17.576"/>
  <system-out/>
  <testcase classname="com.aina.mobile.android.test.placetube.PlaceTubeTest" name="TC_058" time="42.668">
    <error message="An element could not be located on the page using the given search parameters.
For documentation on this error, please visit: https://selenium.dev/exceptions/#no_such_element
Build info: version: &#039;4.8.1&#039;, revision: &#039;8ebccac989&#039;
System info: os.name: &#039;Windows 10&#039;, os.arch: &#039;amd64&#039;, os.version: &#039;10.0&#039;, java.version: &#039;11.0.22&#039;
Driver info: io.appium.java_client.android.AndroidDriver
Command: [63b09be2-336a-43e9-b70d-a8c9f7dcee6f, findElement {using=xpath, value=//*[@resource-id=&#039;com.janacare.ainab:id/active_button&#039;]}]
Capabilities {appium:app: C:\Users\Admin\Downloads\Ai..., appium:appPackage: com.janacare.ainab, appium:appium: http://0.0.0.0:4723/wd/hub, appium:autoGrantPermissions: true, appium:clearDeviceLogsOnStart: true, appium:databaseEnabled: false, appium:desired: {app: C:\Users\Admin\Downloads\Ai..., appium: http://0.0.0.0:4723/wd/hub, autoGrantPermissions: true, clearDeviceLogsOnStart: true, deviceName: RZCWA232H2F, newCommandTimeout: 300, platformName: android, platformVersion: 14, resetKeyboard: true, skipDeviceInitialization: true}, appium:deviceApiLevel: 34, appium:deviceManufacturer: samsung, appium:deviceModel: SM-M346B, appium:deviceName: RZCWA232H2F, appium:deviceScreenDensity: 450, appium:deviceScreenSize: 1080x2340, appium:deviceUDID: RZCWA232H2F, appium:javascriptEnabled: true, appium:locationContextEnabled: false, appium:networkConnectionEnabled: true, appium:newCommandTimeout: 300, appium:pixelRatio: 2.8125, appium:platformVersion: 14, appium:resetKeyboard: true, appium:skipDeviceInitialization: true, appium:statBarHeight: 77, appium:takesScreenshot: true, appium:viewportRect: {height: 2051, left: 0, top: 77, width: 1080}, appium:warnings: {}, appium:webStorageEnabled: false, platformName: ANDROID}
Session ID: 63b09be2-336a-43e9-b70d-a8c9f7dcee6f" type="org.openqa.selenium.NoSuchElementException">
      <![CDATA[org.openqa.selenium.NoSuchElementException: An element could not be located on the page using the given search parameters.
For documentation on this error, please visit: https://selenium.dev/exceptions/#no_such_element
Build info: version: '4.8.1', revision: '8ebccac989'
System info: os.name: 'Windows 10', os.arch: 'amd64', os.version: '10.0', java.version: '11.0.22'
Driver info: io.appium.java_client.android.AndroidDriver
Command: [63b09be2-336a-43e9-b70d-a8c9f7dcee6f, findElement {using=xpath, value=//*[@resource-id='com.janacare.ainab:id/active_button']}]
Capabilities {appium:app: C:\Users\Admin\Downloads\Ai..., appium:appPackage: com.janacare.ainab, appium:appium: http://0.0.0.0:4723/wd/hub, appium:autoGrantPermissions: true, appium:clearDeviceLogsOnStart: true, appium:databaseEnabled: false, appium:desired: {app: C:\Users\Admin\Downloads\Ai..., appium: http://0.0.0.0:4723/wd/hub, autoGrantPermissions: true, clearDeviceLogsOnStart: true, deviceName: RZCWA232H2F, newCommandTimeout: 300, platformName: android, platformVersion: 14, resetKeyboard: true, skipDeviceInitialization: true}, appium:deviceApiLevel: 34, appium:deviceManufacturer: samsung, appium:deviceModel: SM-M346B, appium:deviceName: RZCWA232H2F, appium:deviceScreenDensity: 450, appium:deviceScreenSize: 1080x2340, appium:deviceUDID: RZCWA232H2F, appium:javascriptEnabled: true, appium:locationContextEnabled: false, appium:networkConnectionEnabled: true, appium:newCommandTimeout: 300, appium:pixelRatio: 2.8125, appium:platformVersion: 14, appium:resetKeyboard: true, appium:skipDeviceInitialization: true, appium:statBarHeight: 77, appium:takesScreenshot: true, appium:viewportRect: {height: 2051, left: 0, top: 77, width: 1080}, appium:warnings: {}, appium:webStorageEnabled: false, platformName: ANDROID}
Session ID: 63b09be2-336a-43e9-b70d-a8c9f7dcee6f
at java.base/jdk.internal.reflect.NativeConstructorAccessorImpl.newInstance0(Native Method)
at java.base/jdk.internal.reflect.NativeConstructorAccessorImpl.newInstance(NativeConstructorAccessorImpl.java:62)
at java.base/jdk.internal.reflect.DelegatingConstructorAccessorImpl.newInstance(DelegatingConstructorAccessorImpl.java:45)
at java.base/java.lang.reflect.Constructor.newInstance(Constructor.java:490)
at org.openqa.selenium.remote.codec.w3c.W3CHttpResponseCodec.createException(W3CHttpResponseCodec.java:200)
at org.openqa.selenium.remote.codec.w3c.W3CHttpResponseCodec.decode(W3CHttpResponseCodec.java:133)
at org.openqa.selenium.remote.codec.w3c.W3CHttpResponseCodec.decode(W3CHttpResponseCodec.java:53)
at org.openqa.selenium.remote.HttpCommandExecutor.execute(HttpCommandExecutor.java:184)
at io.appium.java_client.remote.AppiumCommandExecutor.execute(AppiumCommandExecutor.java:262)
at org.openqa.selenium.remote.RemoteWebDriver.execute(RemoteWebDriver.java:543)
at org.openqa.selenium.remote.ElementLocation$ElementFinder$2.findElement(ElementLocation.java:162)
at org.openqa.selenium.remote.ElementLocation.findElement(ElementLocation.java:60)
at org.openqa.selenium.remote.RemoteWebDriver.findElement(RemoteWebDriver.java:352)
at org.openqa.selenium.remote.RemoteWebDriver.findElement(RemoteWebDriver.java:344)
at org.openqa.selenium.support.pagefactory.DefaultElementLocator.findElement(DefaultElementLocator.java:70)
at org.openqa.selenium.support.pagefactory.internal.LocatingElementHandler.invoke(LocatingElementHandler.java:39)
at com.sun.proxy.$Proxy20.click(Unknown Source)
at com.aina.mobile.android.test.gettingstartedpage.GettingStartedModule.clickNext(GettingStartedModule.java:119)
at com.aina.mobile.android.test.gettingstartedpage.GettingStartedModule.NextButton(GettingStartedModule.java:155)
at com.aina.mobile.android.test.placetube.PlaceTubeTest.TC_058(PlaceTubeTest.java:27)
at java.base/jdk.internal.reflect.NativeMethodAccessorImpl.invoke0(Native Method)
at java.base/jdk.internal.reflect.NativeMethodAccessorImpl.invoke(NativeMethodAccessorImpl.java:62)
at java.base/jdk.internal.reflect.DelegatingMethodAccessorImpl.invoke(DelegatingMethodAccessorImpl.java:43)
at java.base/java.lang.reflect.Method.invoke(Method.java:566)
at org.testng.internal.invokers.MethodInvocationHelper.invokeMethod(MethodInvocationHelper.java:139)
at org.testng.internal.invokers.TestInvoker.invokeMethod(TestInvoker.java:677)
at org.testng.internal.invokers.TestInvoker.invokeTestMethod(TestInvoker.java:221)
at org.testng.internal.invokers.MethodRunner.runInSequence(MethodRunner.java:50)
at org.testng.internal.invokers.TestInvoker$MethodInvocationAgent.invoke(TestInvoker.java:969)
at org.testng.internal.invokers.TestInvoker.invokeTestMethods(TestInvoker.java:194)
at org.testng.internal.invokers.TestMethodWorker.invokeTestMethods(TestMethodWorker.java:148)
at org.testng.internal.invokers.TestMethodWorker.run(TestMethodWorker.java:128)
at java.base/java.util.ArrayList.forEach(ArrayList.java:1541)
at org.testng.TestRunner.privateRun(TestRunner.java:829)
at org.testng.TestRunner.run(TestRunner.java:602)
at org.testng.SuiteRunner.runTest(SuiteRunner.java:437)
at org.testng.SuiteRunner.runSequentially(SuiteRunner.java:431)
at org.testng.SuiteRunner.privateRun(SuiteRunner.java:391)
at org.testng.SuiteRunner.run(SuiteRunner.java:330)
at org.testng.SuiteRunnerWorker.runSuite(SuiteRunnerWorker.java:52)
at org.testng.SuiteRunnerWorker.run(SuiteRunnerWorker.java:95)
at org.testng.TestNG.runSuitesSequentially(TestNG.java:1256)
at org.testng.TestNG.runSuitesLocally(TestNG.java:1176)
at org.testng.TestNG.runSuites(TestNG.java:1099)
at org.testng.TestNG.run(TestNG.java:1067)
at org.testng.remote.AbstractRemoteTestNG.run(AbstractRemoteTestNG.java:115)
at org.testng.remote.RemoteTestNG.initAndRun(RemoteTestNG.java:293)
at org.testng.remote.RemoteTestNG.main(RemoteTestNG.java:91)
]]>
    </error>
  </testcase> <!-- TC_058 -->
  <system-out/>
</testsuite> <!-- com.aina.mobile.android.test.placetube.PlaceTubeTest -->
